============================================================
Time  2019/11/16 14:58:10 171 
============================================================
[2019/11/16 14:58:10 173] ivw_local  1342 os_type is:  Win32  
[2019/11/16 14:58:10 174] ivw_local  1351 ivw loaded!  
[2019/11/16 14:58:10 174] ivw_local  1353 1001.60.1437  
[2019/11/16 14:58:10 174] ivw_local  1286 SYS_MSG_REGCB  msp_status_cb  func(5347810) 
[2019/11/16 14:58:10 174] ivw_local  1376 last gc at  1573887490  
[2019/11/16 14:58:10 174] ivw_local  1097 IVW_LOCAL_INIT_CHECK  
[2019/11/16 14:58:10 177] ivw_local  1103 ivw_res_path:  fo|res/ivw/wakeupresource.jet  
[2019/11/16 14:58:10 177] ivw_local  732  lgi:  nil  nil  
[2019/11/16 14:58:10 177] ivw_local  736  fo|res/ivw/wakeupresource.jet  1  
[2019/11/16 14:58:10 177] ivw_local  527  err  0  
[2019/11/16 14:58:10 177] ivw_local  528  res_ver  3  
[2019/11/16 14:58:10 177] ivw_local  529  res_appid_md5    
[2019/11/16 14:58:10 177] ivw_local  530  res_id    
[2019/11/16 14:58:10 177] ivw_local  531  |%fsoniah%=|%fwwnc%=%2cfd7?fb%+%ubtnc%=%aec60eea>a216>d3b?1d>>?37e?b0?05%+%ubts~wb%=%c%z+%nqpphuc%=|%irj%=5+%phuct%=\|%nc%=7+%sbs%=%nfh4krh3vn4dorfi`5%+%soubtohkc%=6327z+|%nc%=6+%sbs%=%nfh4krh3ni`5ni`4%+%soubtohkc%=6327zZz+%ubttn}b%=>>7157+%ubtsnjb%=62047>2253+%ubtqbu%=%q1777%z  
[2019/11/16 14:58:10 177] ivw_local  539  speech_plus_setting  0  
[2019/11/16 14:58:10 178] ivw_local  591  xiao3luo4qi3chuang2  0  1450  
[2019/11/16 14:58:10 178] ivw_local  591  xiao3luo4xing2xing3  1  1450  
[2019/11/16 14:58:10 178] ivw_local  623  d  
[2019/11/16 14:58:10 178] ivw_local  652  now expires:  1573887490  nil  
[2019/11/16 14:58:10 178] auth       82   ivw  app  nil  fbd17bbf9f5619c4e86c99840b8e7872  {"ivw":{"ver":"2","bus":{"expire_date":1576746276,"forbid":"0","nlimit":3},"res":{"md5":"fbd17bbf9f5619c4e86c99840b8e7872","blist":{}}}}  
[2019/11/16 14:58:10 180] auth       243  nil  
[2019/11/16 14:58:10 180] auth       252  auth ivw_res_id  fbd17bbf9f5619c4e86c99840b8e7872  
[2019/11/16 14:58:10 180] auth       266  auth get ivw_res_id  fbd17bbf9f5619c4e86c99840b8e7872  
[2019/11/16 14:58:10 180] auth       354  nil  
[2019/11/16 14:58:10 180] ivw_local  479  app auth  
[2019/11/16 14:58:10 180] auth       621  app  nil  nil  fbd17bbf9f5619c4e86c99840b8e7872  
[2019/11/16 14:58:10 180] auth       678  ath rquest  {"authorize":[{"busin":"ivw","ver":"2.1.1"}]}  
[2019/11/16 14:58:10 193] config     91   select default  
[2019/11/16 14:58:10 193] config     113  use general cloud  
[2019/11/16 14:58:10 193] transport  645  paramkvsport is   nil  
[2019/11/16 14:58:10 193] transport  657  ns_enable=  1  
[2019/11/16 14:58:10 193] transport  659  2017-08--24 is_ns_need_close =   nil  
[2019/11/16 14:58:10 193] transport  665  net.nettype=  unknown  
[2019/11/16 14:58:10 193] transport  675  url.full=  nil  
[2019/11/16 14:58:10 193] transport  680  server_url_host=, server_url_port=, server_url_path=  open.xf-yun.com  nil  /msp.do  
[2019/11/16 14:58:10 193] transport  907  net type:  unknown  
[2019/11/16 14:58:10 193] transport  908  net operator:  def  
[2019/11/16 14:58:10 194] transport  909  use proxy:  false  
[2019/11/16 14:58:10 194] auth       733  not login!  
[2019/11/16 14:58:10 194] auth       570  [session] send auth request  
[2019/11/16 14:58:10 194] transport  1105 session.domain=  open.xf-yun.com  
[2019/11/16 14:58:10 194] transport  1106 url.host=  open.xf-yun.com  
[2019/11/16 14:58:10 194] transport  1083 NAMESERVER START  
[2019/11/16 14:58:10 194] transport  1086 name =   ath  
[2019/11/16 14:58:10 194] ns         634  ntt=  unknown  
[2019/11/16 14:58:10 194] transport  1089 trans,ns_inprog =  0  
[2019/11/16 14:58:10 194] ns         582  name server start  
[2019/11/16 14:58:10 194] ns         588  ns_sub =   ath  
[2019/11/16 14:58:10 194] ns         596  ns_host =   open.xf-yun.com  
[2019/11/16 14:58:10 194] ns         475  ns_host=  open.xf-yun.com  
[2019/11/16 14:58:10 194] ns         555  net_type =  standard  
[2019/11/16 14:58:10 194] ns         556  cmwapascmnet =  
[2019/11/16 14:58:10 194] ns         557  uniwapasuninet =  
[2019/11/16 14:58:10 194] ns         558  ctwapasctnet =  
[2019/11/16 14:58:10 194] ns         576  host=  hdns.xf-yun.com  
[2019/11/16 14:58:10 194] network    263  gethostbyname  hdns.xf-yun.com  ns1  
[2019/11/16 14:58:10 196] auth       577  0  
[2019/11/16 14:58:10 196] auth       540  lver:  nil  
[2019/11/16 14:58:10 196] auth       545  cfg_ver:  nil  
[2019/11/16 14:58:10 196] transport  1860 transport_obj.send | in  
[2019/11/16 14:58:10 196] transport  1866 self.msg_flag_q  table(5328900) 
[2019/11/16 14:58:10 196] transport  1867 self.msg_q  table(53289f0) 
[2019/11/16 14:58:10 196] transport  1799 transport_obj.try2send | in  
[2019/11/16 14:58:10 196] transport  1800 self.soc  nil  
[2019/11/16 14:58:10 196] transport  1801 self.connected  false  
[2019/11/16 14:58:10 196] transport  1802 self.latesterr  0  
[2019/11/16 14:58:10 196] transport  1873 transport_obj.send | out  
[2019/11/16 14:58:10 197] ivw_local  703  forbid_ivw =  0  
[2019/11/16 14:58:10 197] ivw_local  1136 0  res/ivw/wakeupresource.jet  nil  nil  291  0  0  0:1450;1:1450;  0:xiao3luo4qi3chuang2;1:xiao3luo4xing2xing3;  
[2019/11/16 14:58:10 211] ivw_local  1334 IVW_LOCAL_INSTSID param0 param1  civw1P1HHBHjfgLauxebpaa0VdByrkQ9tbv  udata(7b75a0b8) 
[2019/11/16 14:58:10 211] ivw_local  1376 last gc at  1573887490  
[2019/11/16 14:58:10 260] network    245  dns resp  0  ns1  
[2019/11/16 14:58:10 260] ns         422  ns dns ok  42.62.116.35  
[2019/11/16 14:58:10 260] ns         202  iplist not avail  
[2019/11/16 14:58:10 262] ns         429  is_voicecloud_ip=  0  
[2019/11/16 14:58:10 262] ns         436  ip_is_expected=  true  
[2019/11/16 14:58:10 262] ns         444  ip_is_expected=  true  
[2019/11/16 14:58:10 262] network    445  gethttpresp2  42.62.116.35  80  ns2  
[2019/11/16 14:58:10 262] network    465  prot_type  tcp  
[2019/11/16 14:58:10 286] transport  194  [dns] [1] response 42.62.116.35  
[2019/11/16 14:58:10 286] transport  202  42  62  116  35  
[2019/11/16 14:58:10 286] transport  204  ipv =  v4  
[2019/11/16 14:58:10 286] transport  208  dns ip is v4  
[2019/11/16 14:58:10 286] transport  130  iplist not avail  
[2019/11/16 14:58:10 288] transport  247  no iplist now  
[2019/11/16 14:58:10 288] network    95   iptoenv ,  ipcache  open.xf-yun.com  def  42.62.116.35  
[2019/11/16 14:58:10 289] transport  291  dns cb start conn  
[2019/11/16 14:58:10 289] transport  1304 [soc] connect   42.62.116.35  1028  
[2019/11/16 14:58:10 289] transport  1316 mspsoc.open,prot_type=  tcp  
[2019/11/16 14:58:10 315] network    350  connected  ns2  
[2019/11/16 14:58:10 319] network    353  send ok  268  ns2  
[2019/11/16 14:58:10 357] transport  473  [soc] [1] connected  
[2019/11/16 14:58:10 358] transport  1799 transport_obj.try2send | in  
[2019/11/16 14:58:10 358] transport  1800 self.soc  udata(5ee37c0) 
[2019/11/16 14:58:10 358] transport  1801 self.connected  true  
[2019/11/16 14:58:10 358] transport  1802 self.latesterr  0  
[2019/11/16 14:58:10 358] transport  1819 transport:try2send,#msg_q=  1  
[2019/11/16 14:58:10 361] transport  1359 build http request.  
[2019/11/16 14:58:10 362] transport  1476 POST /msp.do HTTP/1.1
X-Sub: auth
X-Par: ver=MSSP+0%2E9&sub=auth&cmd=rath&key=08jJT/Z^iRX0g=
Host: open.xf-yun.com
CT: multipart/mixed;boundary=--
CL: 354

----
Content-Length:48
Content-Type:text/appinfo
Content-Encoding:gzip

36
xœËN­´µ001LLIK¶HJ2050³05H³0KJM±4N6JL3µ  
[2019/11/16 14:58:10 375] transport  1819 transport:try2send,#msg_q=  0  
[2019/11/16 14:58:10 375] network    362  readable  ns2  
[2019/11/16 14:58:10 375] network    366  HTTP/1.1 200 OK
Date: Sat, 16 Nov 2019 06:58:09 GMT
Content-Type: application/json
Content-Length: 307
Connection: keep-alive
Server: iflytek/hdns

{"dns":[{"host":"open.xf-yun.com","sip":[{"svc":"ath","ips":[{"ip":"42.62.42.10","port":1028,"idc":"dx"},{"ip":"42.62.42.18","port":80,"idc":"dx"}],"ttl":6000,"compel":0}]}],"default":[{"host":"open.xf-yun.com","sip":[{"svc":"ath","ips":[{"ip":"42.62.42.18","port":80,"idc":"dx"}],"ttl":6000,"compel":0}]}]}  
[2019/11/16 14:58:10 377] ns         253  name server http resp  0  
[2019/11/16 14:58:10 377] ns         266  ns response OK for this time!  
[2019/11/16 14:58:10 377] ns         277  from_server=  iflytek/hdns  
[2019/11/16 14:58:10 378] ns         360  compel :  0  
[2019/11/16 14:58:10 378] transport  1063 ns_ip =   42.62.42.10  
[2019/11/16 14:58:10 378] transport  1064 ip_type =  assigned_athopen.xf-yun.com_host  
[2019/11/16 14:58:10 378] ns         670  no data in ns_q  
[2019/11/16 14:58:10 378] ns         671  conti_ns,ns_inprog =   1  
[2019/11/16 14:58:10 380] transport  482  [soc] [1] send ok  517  
[2019/11/16 14:58:10 380] transport  1799 transport_obj.try2send | in  
[2019/11/16 14:58:10 380] transport  1800 self.soc  udata(5ee37c0) 
[2019/11/16 14:58:10 380] transport  1801 self.connected  true  
[2019/11/16 14:58:10 380] transport  1802 self.latesterr  0  
[2019/11/16 14:58:10 380] transport  1819 transport:try2send,#msg_q=  0  
[2019/11/16 14:58:10 392] ivw_local  1355 SYS_MSG_SHUTDOWN  
[2019/11/16 14:58:10 397] ivw_local  1376 last gc at  1573887490  
