============================================================
Time  2019/11/16 10:29:26 365 
============================================================
[2019/11/16 10:29:26 367] ivw_local  1342 os_type is:  Win32  
[2019/11/16 10:29:26 368] ivw_local  1351 ivw loaded!  
[2019/11/16 10:29:26 368] ivw_local  1353 1001.60.1437  
[2019/11/16 10:29:26 368] ivw_local  1286 SYS_MSG_REGCB  msp_status_cb  func(5817660) 
[2019/11/16 10:29:26 368] ivw_local  1376 last gc at  1573871366  
[2019/11/16 10:29:26 368] ivw_local  1097 IVW_LOCAL_INIT_CHECK  
[2019/11/16 10:29:26 368] ivw_local  1103 ivw_res_path:  fo|res/ivw/wakeupresource.jet  
[2019/11/16 10:29:26 368] ivw_local  732  lgi:  nil  nil  
[2019/11/16 10:29:26 368] ivw_local  736  fo|res/ivw/wakeupresource.jet  1  
[2019/11/16 10:29:26 371] ivw_local  527  err  0  
[2019/11/16 10:29:26 371] ivw_local  528  res_ver  3  
[2019/11/16 10:29:26 371] ivw_local  529  res_appid_md5    
[2019/11/16 10:29:26 371] ivw_local  530  res_id    
[2019/11/16 10:29:26 371] ivw_local  531  |%fsoniah%=|%fwwnc%=%2cfd7?fb%+%ubtnc%=%aec60eea>a216>d3b?1d>>?37e?b0?05%+%ubts~wb%=%c%z+%nqpphuc%=|%irj%=5+%phuct%=\|%nc%=7+%sbs%=%nfh4krh3vn4dorfi`5%+%soubtohkc%=6327z+|%nc%=6+%sbs%=%nfh4krh3ni`5ni`4%+%soubtohkc%=6327zZz+%ubttn}b%=>>7157+%ubtsnjb%=62047>2253+%ubtqbu%=%q1777%z  
[2019/11/16 10:29:26 371] ivw_local  539  speech_plus_setting  0  
[2019/11/16 10:29:26 371] ivw_local  591  xiao3luo4qi3chuang2  0  1450  
[2019/11/16 10:29:26 371] ivw_local  591  xiao3luo4xing2xing3  1  1450  
[2019/11/16 10:29:26 371] ivw_local  623  d  
[2019/11/16 10:29:26 371] ivw_local  652  now expires:  1573871366  nil  
[2019/11/16 10:29:26 372] auth       82   ivw  app  nil  fbd17bbf9f5619c4e86c99840b8e7872  {"ivw":{"ver":"2","bus":{"expire_date":1576746276,"forbid":"0","nlimit":3},"res":{"md5":"fbd17bbf9f5619c4e86c99840b8e7872","blist":{}}}}  
[2019/11/16 10:29:26 372] auth       243  nil  
[2019/11/16 10:29:26 372] auth       252  auth ivw_res_id  fbd17bbf9f5619c4e86c99840b8e7872  
[2019/11/16 10:29:26 372] auth       266  auth get ivw_res_id  fbd17bbf9f5619c4e86c99840b8e7872  
[2019/11/16 10:29:26 372] auth       354  nil  
[2019/11/16 10:29:26 372] ivw_local  479  app auth  
[2019/11/16 10:29:26 372] auth       621  app  nil  nil  fbd17bbf9f5619c4e86c99840b8e7872  
[2019/11/16 10:29:26 372] auth       678  ath rquest  {"authorize":[{"busin":"ivw","ver":"2.1.1"}]}  
[2019/11/16 10:29:26 382] config     91   select default  
[2019/11/16 10:29:26 382] config     113  use general cloud  
[2019/11/16 10:29:26 382] transport  645  paramkvsport is   nil  
[2019/11/16 10:29:26 382] transport  657  ns_enable=  1  
[2019/11/16 10:29:26 382] transport  659  2017-08--24 is_ns_need_close =   nil  
[2019/11/16 10:29:26 382] transport  665  net.nettype=  unknown  
[2019/11/16 10:29:26 382] transport  675  url.full=  nil  
[2019/11/16 10:29:26 382] transport  680  server_url_host=, server_url_port=, server_url_path=  open.xf-yun.com  nil  /msp.do  
[2019/11/16 10:29:26 382] transport  907  net type:  unknown  
[2019/11/16 10:29:26 382] transport  908  net operator:  def  
[2019/11/16 10:29:26 382] transport  909  use proxy:  false  
[2019/11/16 10:29:26 382] auth       733  not login!  
[2019/11/16 10:29:26 382] auth       570  [session] send auth request  
[2019/11/16 10:29:26 382] transport  1105 session.domain=  open.xf-yun.com  
[2019/11/16 10:29:26 382] transport  1106 url.host=  open.xf-yun.com  
[2019/11/16 10:29:26 382] transport  1083 NAMESERVER START  
[2019/11/16 10:29:26 382] transport  1086 name =   ath  
[2019/11/16 10:29:26 382] ns         634  ntt=  unknown  
[2019/11/16 10:29:26 382] transport  1089 trans,ns_inprog =  0  
[2019/11/16 10:29:26 382] ns         582  name server start  
[2019/11/16 10:29:26 382] ns         588  ns_sub =   ath  
[2019/11/16 10:29:26 382] ns         596  ns_host =   open.xf-yun.com  
[2019/11/16 10:29:26 382] ns         475  ns_host=  open.xf-yun.com  
[2019/11/16 10:29:26 382] ns         555  net_type =  standard  
[2019/11/16 10:29:26 382] ns         556  cmwapascmnet =  
[2019/11/16 10:29:26 382] ns         557  uniwapasuninet =  
[2019/11/16 10:29:26 382] ns         558  ctwapasctnet =  
[2019/11/16 10:29:26 382] ns         576  host=  hdns.xf-yun.com  
[2019/11/16 10:29:26 382] network    263  gethostbyname  hdns.xf-yun.com  ns1  
[2019/11/16 10:29:26 382] auth       577  0  
[2019/11/16 10:29:26 382] auth       540  lver:  nil  
[2019/11/16 10:29:26 382] auth       545  cfg_ver:  nil  
[2019/11/16 10:29:26 382] transport  1860 transport_obj.send | in  
[2019/11/16 10:29:26 382] transport  1866 self.msg_flag_q  table(57f6f20) 
[2019/11/16 10:29:26 382] transport  1867 self.msg_q  table(57f6ef0) 
[2019/11/16 10:29:26 382] transport  1799 transport_obj.try2send | in  
[2019/11/16 10:29:26 382] transport  1800 self.soc  nil  
[2019/11/16 10:29:26 382] transport  1801 self.connected  false  
[2019/11/16 10:29:26 382] transport  1802 self.latesterr  0  
[2019/11/16 10:29:26 382] transport  1873 transport_obj.send | out  
[2019/11/16 10:29:26 382] ivw_local  703  forbid_ivw =  0  
[2019/11/16 10:29:26 382] ivw_local  1136 0  res/ivw/wakeupresource.jet  nil  nil  291  0  0  0:1450;1:1450;  0:xiao3luo4qi3chuang2;1:xiao3luo4xing2xing3;  
[2019/11/16 10:29:26 392] ivw_local  1334 IVW_LOCAL_INSTSID param0 param1  civw1P1HHBHjfUGPBAL8+aaleCdws0n3B3z  udata(7b22a0b8) 
[2019/11/16 10:29:26 392] ivw_local  1376 last gc at  1573871366  
[2019/11/16 10:29:26 424] network    245  dns resp  10214  ns1  
[2019/11/16 10:29:26 424] ns         454  ns dns failed, err =   10214  
[2019/11/16 10:29:26 424] network    445  gethttpresp2  117.121.48.5  80  ns2  
[2019/11/16 10:29:26 424] network    465  prot_type  tcp  
[2019/11/16 10:29:26 428] transport  296  [dns] [1] failed! 10214  
[2019/11/16 10:29:26 428] transport  77   dns_failed  
[2019/11/16 10:29:26 428] network    90   ipfromenv ,  ipcache  open.xf-yun.com  def  nil  
[2019/11/16 10:29:26 428] network    90   ipfromenv ,  ipcfg  open.xf-yun.com  def  nil  
[2019/11/16 10:29:26 428] transport  1304 [soc] connect   42.62.116.18  1028  
[2019/11/16 10:29:26 428] transport  1316 mspsoc.open,prot_type=  tcp  
[2019/11/16 10:29:26 430] network    418  soc error  10202  ns2  
[2019/11/16 10:29:26 430] ns         253  name server http resp  10202  
[2019/11/16 10:29:26 430] ns         412  ns response failed, err =  10202  
[2019/11/16 10:29:26 430] ns         114  ns_host=  open.xf-yun.com  
[2019/11/16 10:29:26 430] ns         116  use default ip  
[2019/11/16 10:29:26 430] transport  1063 ns_ip =   42.62.116.18  
[2019/11/16 10:29:26 430] transport  1064 ip_type =  def_athopen.xf-yun.com  
[2019/11/16 10:29:26 430] ns         670  no data in ns_q  
[2019/11/16 10:29:26 430] ns         671  conti_ns,ns_inprog =   1  
[2019/11/16 10:29:26 431] transport  542  MSC:[soc] [1] error 10202 10065!  
[2019/11/16 10:29:26 431] transport  67   clear_ip ip_type =  def_athopen.xf-yun.com  
[2019/11/16 10:29:26 431] transport  342  soc_conn_failed  
[2019/11/16 10:29:26 431] network    95   iptoenv ,  ipcache  open.xf-yun.com  def  nil  
[2019/11/16 10:29:26 431] transport  416  switch 80  
[2019/11/16 10:29:26 433] transport  1332 [soc] disconnect   
