============================================================
Time  2019/11/17 00:43:03 357 
============================================================
[2019/11/17 00:43:03 359] tts        811  SYS_MSG_REGCB param0 =  msp_status_cb  param1 =  func(e3eff70) 
[2019/11/17 00:43:03 368] config     43   use general cloud  
[2019/11/17 00:43:03 375] tts_cloud  1438 SYS_MSG_REGCB_CLOUD param0 =   msp_status_cb  param1 =  func(e3eff70) 
[2019/11/17 00:43:03 377] tts        782  TTS_MSG_SSB  
[2019/11/17 00:43:03 378] tts        434  params =  engine_type = local, voice_name = xiaofeng, text_encoding = GB2312, tts_res_path = fo|res\tts\=xiaofeng.jet;fo|res\tts\common.jet, sample_rate = 16000, speed = 50, volume = 50, pitch = 50, rdn = 0  
[2019/11/17 00:43:03 380] tts        273  auf=audio/L16;rate=16000  
[2019/11/17 00:43:03 380] tts        273  auf=audio/L16;rate=16000  
[2019/11/17 00:43:03 380] tts        471  ssb|use local  
[2019/11/17 00:43:03 381] tts        385  local_session_begin  
[2019/11/17 00:43:03 384] tts        789  TTS_MSG_SYN  0  
[2019/11/17 00:43:03 385] tts        514  synth|use local  
[2019/11/17 00:43:03 387] tts        792  TTS_MSG_GETAUDIO  0  
[2019/11/17 00:43:03 387] tts        557  get audio|use local  
[2019/11/17 00:43:03 387] tts        599  0  nil  1  
[2019/11/17 00:43:03 388] tts        792  TTS_MSG_GETAUDIO  0  
[2019/11/17 00:43:03 388] tts        557  get audio|use local  
[2019/11/17 00:43:03 388] tts        599  0  nil  1  
[2019/11/17 00:43:03 390] tts        792  TTS_MSG_GETAUDIO  0  
[2019/11/17 00:43:03 390] tts        557  get audio|use local  
[2019/11/17 00:43:03 390] tts        599  0  nil  1  
[2019/11/17 00:43:03 395] tts        792  TTS_MSG_GETAUDIO  0  
[2019/11/17 00:43:03 395] tts        557  get audio|use local  
[2019/11/17 00:43:03 397] tts        599  0  nil  1  
[2019/11/17 00:43:03 397] tts        792  TTS_MSG_GETAUDIO  0  
[2019/11/17 00:43:03 397] tts        557  get audio|use local  
[2019/11/17 00:43:03 398] tts        599  0  nil  1  
[2019/11/17 00:43:03 398] tts        792  TTS_MSG_GETAUDIO  0  
[2019/11/17 00:43:03 398] tts        557  get audio|use local  
[2019/11/17 00:43:03 398] tts        599  0  nil  1  
[2019/11/17 00:43:03 398] tts        792  TTS_MSG_GETAUDIO  0  
[2019/11/17 00:43:03 400] tts        557  get audio|use local  
[2019/11/17 00:43:03 400] tts        599  0  nil  1  
[2019/11/17 00:43:03 401] tts        792  TTS_MSG_GETAUDIO  0  
[2019/11/17 00:43:03 401] tts        557  get audio|use local  
[2019/11/17 00:43:03 401] tts        599  0  nil  1  
[2019/11/17 00:43:03 401] tts        792  TTS_MSG_GETAUDIO  0  
[2019/11/17 00:43:03 401] tts        557  get audio|use local  
[2019/11/17 00:43:03 401] tts        599  0  nil  1  
[2019/11/17 00:43:03 401] tts        792  TTS_MSG_GETAUDIO  0  
[2019/11/17 00:43:03 401] tts        557  get audio|use local  
[2019/11/17 00:43:03 401] tts        599  0  nil  1  
[2019/11/17 00:43:03 401] tts        792  TTS_MSG_GETAUDIO  0  
[2019/11/17 00:43:03 401] tts        557  get audio|use local  
[2019/11/17 00:43:03 403] tts        599  0  nil  1  
[2019/11/17 00:43:03 403] tts        792  TTS_MSG_GETAUDIO  0  
[2019/11/17 00:43:03 403] tts        557  get audio|use local  
[2019/11/17 00:43:03 403] tts        599  0  nil  1  
[2019/11/17 00:43:03 404] tts        792  TTS_MSG_GETAUDIO  0  
[2019/11/17 00:43:03 404] tts        557  get audio|use local  
[2019/11/17 00:43:03 404] tts        599  0  nil  1  
[2019/11/17 00:43:03 405] tts        792  TTS_MSG_GETAUDIO  0  
[2019/11/17 00:43:03 405] tts        557  get audio|use local  
[2019/11/17 00:43:03 405] tts        599  0  nil  1  
[2019/11/17 00:43:03 407] tts        792  TTS_MSG_GETAUDIO  0  
[2019/11/17 00:43:03 407] tts        557  get audio|use local  
[2019/11/17 00:43:03 407] tts        599  0  nil  1  
[2019/11/17 00:43:03 407] tts        792  TTS_MSG_GETAUDIO  0  
[2019/11/17 00:43:03 407] tts        557  get audio|use local  
[2019/11/17 00:43:03 407] tts        599  0  nil  1  
[2019/11/17 00:43:03 411] tts        792  TTS_MSG_GETAUDIO  0  
[2019/11/17 00:43:03 411] tts        557  get audio|use local  
[2019/11/17 00:43:03 411] tts        599  0  nil  1  
[2019/11/17 00:43:03 411] tts        792  TTS_MSG_GETAUDIO  0  
[2019/11/17 00:43:03 411] tts        557  get audio|use local  
[2019/11/17 00:43:03 411] tts        599  0  nil  1  
[2019/11/17 00:43:03 411] tts        792  TTS_MSG_GETAUDIO  0  
[2019/11/17 00:43:03 411] tts        557  get audio|use local  
[2019/11/17 00:43:03 413] tts        599  0  nil  1  
[2019/11/17 00:43:03 413] tts        792  TTS_MSG_GETAUDIO  0  
[2019/11/17 00:43:03 413] tts        557  get audio|use local  
[2019/11/17 00:43:03 413] tts        599  0  nil  1  
[2019/11/17 00:43:03 414] tts        792  TTS_MSG_GETAUDIO  0  
[2019/11/17 00:43:03 414] tts        557  get audio|use local  
[2019/11/17 00:43:03 414] tts        599  0  nil  1  
[2019/11/17 00:43:03 414] tts        792  TTS_MSG_GETAUDIO  0  
[2019/11/17 00:43:03 414] tts        557  get audio|use local  
[2019/11/17 00:43:03 414] tts        599  0  nil  1  
[2019/11/17 00:43:03 414] tts        792  TTS_MSG_GETAUDIO  0  
[2019/11/17 00:43:03 414] tts        557  get audio|use local  
[2019/11/17 00:43:03 414] tts        599  0  nil  1  
[2019/11/17 00:43:03 415] tts        792  TTS_MSG_GETAUDIO  0  
[2019/11/17 00:43:03 415] tts        557  get audio|use local  
[2019/11/17 00:43:03 415] tts        599  0  nil  1  
[2019/11/17 00:43:03 417] tts        792  TTS_MSG_GETAUDIO  0  
[2019/11/17 00:43:03 417] tts        557  get audio|use local  
[2019/11/17 00:43:03 417] tts        599  0  nil  1  
[2019/11/17 00:43:03 417] tts        792  TTS_MSG_GETAUDIO  0  
[2019/11/17 00:43:03 417] tts        557  get audio|use local  
[2019/11/17 00:43:03 417] tts        599  0  nil  1  
[2019/11/17 00:43:03 417] tts        792  TTS_MSG_GETAUDIO  0  
[2019/11/17 00:43:03 417] tts        557  get audio|use local  
[2019/11/17 00:43:03 417] tts        599  0  nil  1  
[2019/11/17 00:43:03 418] tts        792  TTS_MSG_GETAUDIO  0  
[2019/11/17 00:43:03 418] tts        557  get audio|use local  
[2019/11/17 00:43:03 418] tts        599  0  nil  1  
[2019/11/17 00:43:03 420] tts        792  TTS_MSG_GETAUDIO  0  
[2019/11/17 00:43:03 420] tts        557  get audio|use local  
[2019/11/17 00:43:03 420] tts        599  0  nil  1  
[2019/11/17 00:43:03 421] tts        792  TTS_MSG_GETAUDIO  0  
[2019/11/17 00:43:03 421] tts        557  get audio|use local  
[2019/11/17 00:43:03 421] tts        599  0  nil  1  
[2019/11/17 00:43:03 423] tts        792  TTS_MSG_GETAUDIO  0  
[2019/11/17 00:43:03 423] tts        557  get audio|use local  
[2019/11/17 00:43:03 423] tts        599  0  nil  1  
[2019/11/17 00:43:03 423] tts        792  TTS_MSG_GETAUDIO  0  
[2019/11/17 00:43:03 423] tts        557  get audio|use local  
[2019/11/17 00:43:03 423] tts        599  0  nil  1  
[2019/11/17 00:43:03 424] tts        792  TTS_MSG_GETAUDIO  0  
[2019/11/17 00:43:03 424] tts        557  get audio|use local  
[2019/11/17 00:43:03 424] tts        599  0  nil  1  
[2019/11/17 00:43:03 424] tts        792  TTS_MSG_GETAUDIO  0  
[2019/11/17 00:43:03 424] tts        557  get audio|use local  
[2019/11/17 00:43:03 424] tts        599  0  nil  1  
[2019/11/17 00:43:03 427] tts        792  TTS_MSG_GETAUDIO  0  
[2019/11/17 00:43:03 427] tts        557  get audio|use local  
[2019/11/17 00:43:03 427] tts        599  0  nil  1  
[2019/11/17 00:43:03 427] tts        792  TTS_MSG_GETAUDIO  0  
[2019/11/17 00:43:03 427] tts        557  get audio|use local  
[2019/11/17 00:43:03 427] tts        599  0  nil  1  
[2019/11/17 00:43:03 427] tts        792  TTS_MSG_GETAUDIO  0  
[2019/11/17 00:43:03 427] tts        557  get audio|use local  
[2019/11/17 00:43:03 428] tts        599  0  nil  1  
[2019/11/17 00:43:03 428] tts        792  TTS_MSG_GETAUDIO  0  
[2019/11/17 00:43:03 428] tts        557  get audio|use local  
[2019/11/17 00:43:03 428] tts        599  0  nil  1  
[2019/11/17 00:43:03 430] tts        792  TTS_MSG_GETAUDIO  0  
[2019/11/17 00:43:03 430] tts        557  get audio|use local  
[2019/11/17 00:43:03 430] tts        599  0  nil  1  
[2019/11/17 00:43:03 430] tts        792  TTS_MSG_GETAUDIO  0  
[2019/11/17 00:43:03 430] tts        557  get audio|use local  
[2019/11/17 00:43:03 430] tts        599  0  nil  1  
[2019/11/17 00:43:03 431] tts        792  TTS_MSG_GETAUDIO  0  
[2019/11/17 00:43:03 431] tts        557  get audio|use local  
[2019/11/17 00:43:03 433] tts        599  0  nil  1  
[2019/11/17 00:43:03 433] tts        303  10102  0  
[2019/11/17 00:43:03 433] tts        314  TTS_LOCAL_CB_END,  2  
[2019/11/17 00:43:03 434] tts        303  24007  10102  
[2019/11/17 00:43:03 434] tts        314  TTS_LOCAL_CB_END,  2  
[2019/11/17 00:43:03 434] tts        792  TTS_MSG_GETAUDIO  10102  
[2019/11/17 00:43:06 709] tts        795  TTS_MSG_SSE  
[2019/11/17 00:43:06 714] tts        693  sse|use local  
[2019/11/17 00:43:06 714] tts        711  tts exit  
