============================================================
Time  2019/11/16 23:55:06 036 
============================================================
[2019/11/16 23:55:06 038] tts        811  SYS_MSG_REGCB param0 =  msp_status_cb  param1 =  func(2d3bf08) 
[2019/11/16 23:55:06 046] config     43   use general cloud  
[2019/11/16 23:55:06 095] tts_cloud  1438 SYS_MSG_REGCB_CLOUD param0 =   msp_status_cb  param1 =  func(2d3bf08) 
[2019/11/16 23:55:06 095] tts        782  TTS_MSG_SSB  
[2019/11/16 23:55:06 095] tts        434  params =  engine_type = local, voice_name =, text_encoding = GB2312, tts_res_path = fo|res\tts\=.jet;fo|res\tts\common.jet, sample_rate = 16000, speed = 50, volume = 50, pitch = 50, rdn = 0  
[2019/11/16 23:55:06 095] tts        273  auf=audio/L16;rate=16000  
[2019/11/16 23:55:06 095] tts        273  auf=audio/L16;rate=16000  
[2019/11/16 23:55:06 096] tts        471  ssb|use local  
[2019/11/16 23:55:06 096] tts        385  local_session_begin  
[2019/11/16 23:55:06 098] tts        789  TTS_MSG_SYN  0  
[2019/11/16 23:55:06 098] tts        514  synth|use local  
[2019/11/16 23:55:06 098] tts        792  TTS_MSG_GETAUDIO  0  
[2019/11/16 23:55:06 098] tts        557  get audio|use local  
[2019/11/16 23:55:06 098] tts        599  0  nil  1  
[2019/11/16 23:55:06 099] tts        792  TTS_MSG_GETAUDIO  0  
[2019/11/16 23:55:06 099] tts        557  get audio|use local  
[2019/11/16 23:55:06 099] tts        599  0  nil  1  
[2019/11/16 23:55:06 101] tts        792  TTS_MSG_GETAUDIO  0  
[2019/11/16 23:55:06 101] tts        557  get audio|use local  
[2019/11/16 23:55:06 101] tts        599  0  nil  1  
[2019/11/16 23:55:06 101] tts        792  TTS_MSG_GETAUDIO  0  
[2019/11/16 23:55:06 101] tts        557  get audio|use local  
[2019/11/16 23:55:06 101] tts        599  0  nil  1  
[2019/11/16 23:55:06 101] tts        792  TTS_MSG_GETAUDIO  0  
[2019/11/16 23:55:06 101] tts        557  get audio|use local  
[2019/11/16 23:55:06 101] tts        599  0  nil  1  
[2019/11/16 23:55:06 102] tts        792  TTS_MSG_GETAUDIO  0  
[2019/11/16 23:55:06 102] tts        557  get audio|use local  
[2019/11/16 23:55:06 102] tts        599  0  nil  1  
[2019/11/16 23:55:06 104] tts        792  TTS_MSG_GETAUDIO  0  
[2019/11/16 23:55:06 104] tts        557  get audio|use local  
[2019/11/16 23:55:06 104] tts        599  0  nil  1  
[2019/11/16 23:55:06 104] tts        792  TTS_MSG_GETAUDIO  0  
[2019/11/16 23:55:06 105] tts        557  get audio|use local  
[2019/11/16 23:55:06 105] tts        599  0  nil  1  
[2019/11/16 23:55:06 111] tts        792  TTS_MSG_GETAUDIO  0  
[2019/11/16 23:55:06 111] tts        557  get audio|use local  
[2019/11/16 23:55:06 111] tts        599  0  nil  1  
[2019/11/16 23:55:06 111] tts        792  TTS_MSG_GETAUDIO  0  
[2019/11/16 23:55:06 111] tts        557  get audio|use local  
[2019/11/16 23:55:06 111] tts        599  0  nil  1  
[2019/11/16 23:55:06 125] tts        792  TTS_MSG_GETAUDIO  0  
[2019/11/16 23:55:06 125] tts        557  get audio|use local  
[2019/11/16 23:55:06 125] tts        599  0  nil  1  
[2019/11/16 23:55:06 125] tts        792  TTS_MSG_GETAUDIO  0  
[2019/11/16 23:55:06 125] tts        557  get audio|use local  
[2019/11/16 23:55:06 125] tts        599  0  nil  1  
[2019/11/16 23:55:06 128] tts        792  TTS_MSG_GETAUDIO  0  
[2019/11/16 23:55:06 128] tts        557  get audio|use local  
[2019/11/16 23:55:06 128] tts        599  0  nil  1  
[2019/11/16 23:55:06 128] tts        792  TTS_MSG_GETAUDIO  0  
[2019/11/16 23:55:06 128] tts        557  get audio|use local  
[2019/11/16 23:55:06 128] tts        599  0  nil  1  
[2019/11/16 23:55:06 131] tts        792  TTS_MSG_GETAUDIO  0  
[2019/11/16 23:55:06 131] tts        557  get audio|use local  
[2019/11/16 23:55:06 131] tts        599  0  nil  1  
[2019/11/16 23:55:06 132] tts        792  TTS_MSG_GETAUDIO  0  
[2019/11/16 23:55:06 132] tts        557  get audio|use local  
[2019/11/16 23:55:06 132] tts        599  0  nil  1  
[2019/11/16 23:55:06 137] tts        792  TTS_MSG_GETAUDIO  0  
[2019/11/16 23:55:06 137] tts        557  get audio|use local  
[2019/11/16 23:55:06 138] tts        599  0  nil  1  
[2019/11/16 23:55:06 140] tts        792  TTS_MSG_GETAUDIO  0  
[2019/11/16 23:55:06 140] tts        557  get audio|use local  
[2019/11/16 23:55:06 141] tts        599  0  nil  1  
[2019/11/16 23:55:06 141] tts        792  TTS_MSG_GETAUDIO  0  
[2019/11/16 23:55:06 141] tts        557  get audio|use local  
[2019/11/16 23:55:06 141] tts        599  0  nil  1  
[2019/11/16 23:55:06 141] tts        792  TTS_MSG_GETAUDIO  0  
[2019/11/16 23:55:06 141] tts        557  get audio|use local  
[2019/11/16 23:55:06 141] tts        599  0  nil  1  
[2019/11/16 23:55:06 161] tts        792  TTS_MSG_GETAUDIO  0  
[2019/11/16 23:55:06 161] tts        557  get audio|use local  
[2019/11/16 23:55:06 161] tts        599  0  nil  1  
[2019/11/16 23:55:06 167] tts        792  TTS_MSG_GETAUDIO  0  
[2019/11/16 23:55:06 167] tts        557  get audio|use local  
[2019/11/16 23:55:06 167] tts        599  0  nil  1  
[2019/11/16 23:55:06 168] tts        792  TTS_MSG_GETAUDIO  0  
[2019/11/16 23:55:06 168] tts        557  get audio|use local  
[2019/11/16 23:55:06 168] tts        599  0  nil  1  
[2019/11/16 23:55:06 170] tts        792  TTS_MSG_GETAUDIO  0  
[2019/11/16 23:55:06 170] tts        557  get audio|use local  
[2019/11/16 23:55:06 170] tts        599  0  nil  1  
[2019/11/16 23:55:06 176] tts        792  TTS_MSG_GETAUDIO  0  
[2019/11/16 23:55:06 176] tts        557  get audio|use local  
[2019/11/16 23:55:06 176] tts        599  0  nil  1  
[2019/11/16 23:55:06 177] tts        792  TTS_MSG_GETAUDIO  0  
[2019/11/16 23:55:06 177] tts        557  get audio|use local  
[2019/11/16 23:55:06 177] tts        599  0  nil  1  
[2019/11/16 23:55:06 178] tts        792  TTS_MSG_GETAUDIO  0  
[2019/11/16 23:55:06 178] tts        557  get audio|use local  
[2019/11/16 23:55:06 178] tts        599  0  nil  1  
[2019/11/16 23:55:06 180] tts        792  TTS_MSG_GETAUDIO  0  
[2019/11/16 23:55:06 180] tts        557  get audio|use local  
[2019/11/16 23:55:06 180] tts        599  0  nil  1  
[2019/11/16 23:55:06 180] tts        792  TTS_MSG_GETAUDIO  0  
[2019/11/16 23:55:06 180] tts        557  get audio|use local  
[2019/11/16 23:55:06 180] tts        599  0  nil  1  
[2019/11/16 23:55:06 180] tts        792  TTS_MSG_GETAUDIO  0  
[2019/11/16 23:55:06 180] tts        557  get audio|use local  
[2019/11/16 23:55:06 180] tts        599  0  nil  1  
[2019/11/16 23:55:06 181] tts        792  TTS_MSG_GETAUDIO  0  
[2019/11/16 23:55:06 181] tts        557  get audio|use local  
[2019/11/16 23:55:06 181] tts        599  0  nil  1  
[2019/11/16 23:55:06 183] tts        792  TTS_MSG_GETAUDIO  0  
[2019/11/16 23:55:06 183] tts        557  get audio|use local  
[2019/11/16 23:55:06 183] tts        599  0  nil  1  
[2019/11/16 23:55:06 183] tts        792  TTS_MSG_GETAUDIO  0  
[2019/11/16 23:55:06 183] tts        557  get audio|use local  
[2019/11/16 23:55:06 183] tts        599  0  nil  1  
[2019/11/16 23:55:06 184] tts        792  TTS_MSG_GETAUDIO  0  
[2019/11/16 23:55:06 184] tts        557  get audio|use local  
[2019/11/16 23:55:06 184] tts        599  0  nil  1  
[2019/11/16 23:55:06 184] tts        792  TTS_MSG_GETAUDIO  0  
[2019/11/16 23:55:06 184] tts        557  get audio|use local  
[2019/11/16 23:55:06 184] tts        599  0  nil  1  
[2019/11/16 23:55:06 184] tts        792  TTS_MSG_GETAUDIO  0  
[2019/11/16 23:55:06 184] tts        557  get audio|use local  
[2019/11/16 23:55:06 184] tts        599  0  nil  1  
[2019/11/16 23:55:06 186] tts        792  TTS_MSG_GETAUDIO  0  
[2019/11/16 23:55:06 186] tts        557  get audio|use local  
[2019/11/16 23:55:06 187] tts        599  0  nil  1  
[2019/11/16 23:55:06 187] tts        792  TTS_MSG_GETAUDIO  0  
[2019/11/16 23:55:06 187] tts        557  get audio|use local  
[2019/11/16 23:55:06 187] tts        599  0  nil  1  
[2019/11/16 23:55:06 188] tts        303  10102  0  
[2019/11/16 23:55:06 188] tts        314  TTS_LOCAL_CB_END,  2  
[2019/11/16 23:55:06 188] tts        303  24007  10102  
[2019/11/16 23:55:06 188] tts        314  TTS_LOCAL_CB_END,  2  
[2019/11/16 23:55:06 190] tts        792  TTS_MSG_GETAUDIO  10102  
[2019/11/16 23:55:07 496] tts        795  TTS_MSG_SSE  
[2019/11/16 23:55:07 507] tts        693  sse|use local  
[2019/11/16 23:55:07 509] tts        711  tts exit  
