============================================================
Time  2019/10/23 21:46:03 868 
============================================================
[2019/10/23 21:46:03 868] tts        811  SYS_MSG_REGCB param0 =  msp_status_cb  param1 =  func(3bddff0) 
[2019/10/23 21:46:03 877] config     43   use general cloud  
[2019/10/23 21:46:03 882] tts_cloud  1438 SYS_MSG_REGCB_CLOUD param0 =   msp_status_cb  param1 =  func(3bddff0) 
[2019/10/23 21:46:03 882] tts        782  TTS_MSG_SSB  
[2019/10/23 21:46:03 882] tts        434  params =  engine_type = local, voice_name = xiaoyan, text_encoding = GB2312, tts_res_path = fo|res\tts\xiaoyan.jet;fo|res\tts\common.jet, sample_rate = 16000, speed = 50, volume = 50, pitch = 50, rdn = 2  
[2019/10/23 21:46:03 884] tts        273  auf=audio/L16;rate=16000  
[2019/10/23 21:46:03 884] tts        273  auf=audio/L16;rate=16000  
[2019/10/23 21:46:03 884] tts        471  ssb|use local  
[2019/10/23 21:46:03 884] tts        385  local_session_begin  
[2019/10/23 21:46:03 885] tts        789  TTS_MSG_SYN  0  
[2019/10/23 21:46:03 887] tts        514  synth|use local  
[2019/10/23 21:46:03 888] tts        792  TTS_MSG_GETAUDIO  0  
[2019/10/23 21:46:03 888] tts        557  get audio|use local  
[2019/10/23 21:46:03 888] tts        599  0  nil  1  
[2019/10/23 21:46:03 888] tts        792  TTS_MSG_GETAUDIO  0  
[2019/10/23 21:46:03 888] tts        557  get audio|use local  
[2019/10/23 21:46:03 888] tts        599  0  nil  1  
[2019/10/23 21:46:03 888] tts        792  TTS_MSG_GETAUDIO  0  
[2019/10/23 21:46:03 888] tts        557  get audio|use local  
[2019/10/23 21:46:03 888] tts        599  0  nil  1  
[2019/10/23 21:46:03 888] tts        792  TTS_MSG_GETAUDIO  0  
[2019/10/23 21:46:03 888] tts        557  get audio|use local  
[2019/10/23 21:46:03 888] tts        599  0  nil  1  
[2019/10/23 21:46:03 888] tts        792  TTS_MSG_GETAUDIO  0  
[2019/10/23 21:46:03 888] tts        557  get audio|use local  
[2019/10/23 21:46:03 888] tts        599  0  nil  1  
[2019/10/23 21:46:03 890] tts        792  TTS_MSG_GETAUDIO  0  
[2019/10/23 21:46:03 890] tts        557  get audio|use local  
[2019/10/23 21:46:03 890] tts        599  0  nil  1  
[2019/10/23 21:46:03 890] tts        792  TTS_MSG_GETAUDIO  0  
[2019/10/23 21:46:03 890] tts        557  get audio|use local  
[2019/10/23 21:46:03 890] tts        599  0  nil  1  
[2019/10/23 21:46:03 890] tts        792  TTS_MSG_GETAUDIO  0  
[2019/10/23 21:46:03 890] tts        557  get audio|use local  
[2019/10/23 21:46:03 890] tts        599  0  nil  1  
[2019/10/23 21:46:03 891] tts        792  TTS_MSG_GETAUDIO  0  
[2019/10/23 21:46:03 891] tts        557  get audio|use local  
[2019/10/23 21:46:03 891] tts        599  0  nil  1  
[2019/10/23 21:46:03 891] tts        792  TTS_MSG_GETAUDIO  0  
[2019/10/23 21:46:03 891] tts        557  get audio|use local  
[2019/10/23 21:46:03 891] tts        599  0  nil  1  
[2019/10/23 21:46:03 891] tts        792  TTS_MSG_GETAUDIO  0  
[2019/10/23 21:46:03 891] tts        557  get audio|use local  
[2019/10/23 21:46:03 891] tts        599  0  nil  1  
[2019/10/23 21:46:03 891] tts        792  TTS_MSG_GETAUDIO  0  
[2019/10/23 21:46:03 891] tts        557  get audio|use local  
[2019/10/23 21:46:03 891] tts        599  0  nil  1  
[2019/10/23 21:46:03 891] tts        792  TTS_MSG_GETAUDIO  0  
[2019/10/23 21:46:03 891] tts        557  get audio|use local  
[2019/10/23 21:46:03 891] tts        599  0  nil  1  
[2019/10/23 21:46:03 891] tts        792  TTS_MSG_GETAUDIO  0  
[2019/10/23 21:46:03 891] tts        557  get audio|use local  
[2019/10/23 21:46:03 891] tts        599  0  nil  1  
[2019/10/23 21:46:03 891] tts        792  TTS_MSG_GETAUDIO  0  
[2019/10/23 21:46:03 891] tts        557  get audio|use local  
[2019/10/23 21:46:03 892] tts        599  0  nil  1  
[2019/10/23 21:46:03 892] tts        792  TTS_MSG_GETAUDIO  0  
[2019/10/23 21:46:03 892] tts        557  get audio|use local  
[2019/10/23 21:46:03 892] tts        599  0  nil  1  
[2019/10/23 21:46:03 892] tts        792  TTS_MSG_GETAUDIO  0  
[2019/10/23 21:46:03 892] tts        557  get audio|use local  
[2019/10/23 21:46:03 892] tts        599  0  nil  1  
[2019/10/23 21:46:03 892] tts        792  TTS_MSG_GETAUDIO  0  
[2019/10/23 21:46:03 892] tts        557  get audio|use local  
[2019/10/23 21:46:03 894] tts        599  0  nil  1  
[2019/10/23 21:46:03 894] tts        792  TTS_MSG_GETAUDIO  0  
[2019/10/23 21:46:03 894] tts        557  get audio|use local  
[2019/10/23 21:46:03 894] tts        599  0  nil  1  
[2019/10/23 21:46:03 894] tts        792  TTS_MSG_GETAUDIO  0  
[2019/10/23 21:46:03 894] tts        557  get audio|use local  
[2019/10/23 21:46:03 894] tts        599  0  nil  1  
[2019/10/23 21:46:03 894] tts        792  TTS_MSG_GETAUDIO  0  
[2019/10/23 21:46:03 894] tts        557  get audio|use local  
[2019/10/23 21:46:03 894] tts        599  0  nil  1  
[2019/10/23 21:46:03 894] tts        792  TTS_MSG_GETAUDIO  0  
[2019/10/23 21:46:03 894] tts        557  get audio|use local  
[2019/10/23 21:46:03 894] tts        599  0  nil  1  
[2019/10/23 21:46:03 894] tts        792  TTS_MSG_GETAUDIO  0  
[2019/10/23 21:46:03 894] tts        557  get audio|use local  
[2019/10/23 21:46:03 894] tts        599  0  nil  1  
[2019/10/23 21:46:03 895] tts        792  TTS_MSG_GETAUDIO  0  
[2019/10/23 21:46:03 895] tts        557  get audio|use local  
[2019/10/23 21:46:03 895] tts        599  0  nil  1  
[2019/10/23 21:46:03 895] tts        792  TTS_MSG_GETAUDIO  0  
[2019/10/23 21:46:03 895] tts        557  get audio|use local  
[2019/10/23 21:46:03 895] tts        599  0  nil  1  
[2019/10/23 21:46:03 895] tts        792  TTS_MSG_GETAUDIO  0  
[2019/10/23 21:46:03 895] tts        557  get audio|use local  
[2019/10/23 21:46:03 895] tts        599  0  nil  1  
[2019/10/23 21:46:03 897] tts        792  TTS_MSG_GETAUDIO  0  
[2019/10/23 21:46:03 897] tts        557  get audio|use local  
[2019/10/23 21:46:03 897] tts        599  0  nil  1  
[2019/10/23 21:46:03 897] tts        792  TTS_MSG_GETAUDIO  0  
[2019/10/23 21:46:03 897] tts        557  get audio|use local  
[2019/10/23 21:46:03 897] tts        599  0  nil  1  
[2019/10/23 21:46:03 897] tts        792  TTS_MSG_GETAUDIO  0  
[2019/10/23 21:46:03 897] tts        557  get audio|use local  
[2019/10/23 21:46:03 897] tts        599  0  nil  1  
[2019/10/23 21:46:03 898] tts        792  TTS_MSG_GETAUDIO  0  
[2019/10/23 21:46:03 898] tts        557  get audio|use local  
[2019/10/23 21:46:03 898] tts        599  0  nil  1  
[2019/10/23 21:46:03 898] tts        792  TTS_MSG_GETAUDIO  0  
[2019/10/23 21:46:03 898] tts        557  get audio|use local  
[2019/10/23 21:46:03 898] tts        599  0  nil  1  
[2019/10/23 21:46:03 898] tts        792  TTS_MSG_GETAUDIO  0  
[2019/10/23 21:46:03 898] tts        557  get audio|use local  
[2019/10/23 21:46:03 898] tts        599  0  nil  1  
[2019/10/23 21:46:03 900] tts        792  TTS_MSG_GETAUDIO  0  
[2019/10/23 21:46:03 900] tts        557  get audio|use local  
[2019/10/23 21:46:03 900] tts        599  0  nil  1  
[2019/10/23 21:46:03 900] tts        792  TTS_MSG_GETAUDIO  0  
[2019/10/23 21:46:03 900] tts        557  get audio|use local  
[2019/10/23 21:46:03 900] tts        599  0  nil  1  
[2019/10/23 21:46:03 901] tts        792  TTS_MSG_GETAUDIO  0  
[2019/10/23 21:46:03 901] tts        557  get audio|use local  
[2019/10/23 21:46:03 901] tts        599  0  nil  1  
[2019/10/23 21:46:03 901] tts        792  TTS_MSG_GETAUDIO  0  
[2019/10/23 21:46:03 901] tts        557  get audio|use local  
[2019/10/23 21:46:03 901] tts        599  0  nil  1  
[2019/10/23 21:46:03 901] tts        792  TTS_MSG_GETAUDIO  0  
[2019/10/23 21:46:03 901] tts        557  get audio|use local  
[2019/10/23 21:46:03 901] tts        599  0  nil  1  
[2019/10/23 21:46:03 901] tts        792  TTS_MSG_GETAUDIO  0  
[2019/10/23 21:46:03 901] tts        557  get audio|use local  
[2019/10/23 21:46:03 901] tts        599  0  nil  1  
[2019/10/23 21:46:03 903] tts        792  TTS_MSG_GETAUDIO  0  
[2019/10/23 21:46:03 903] tts        557  get audio|use local  
[2019/10/23 21:46:03 903] tts        599  0  nil  1  
[2019/10/23 21:46:03 903] tts        792  TTS_MSG_GETAUDIO  0  
[2019/10/23 21:46:03 903] tts        557  get audio|use local  
[2019/10/23 21:46:03 903] tts        599  0  nil  1  
[2019/10/23 21:46:03 903] tts        792  TTS_MSG_GETAUDIO  0  
[2019/10/23 21:46:03 903] tts        557  get audio|use local  
[2019/10/23 21:46:03 903] tts        599  0  nil  1  
[2019/10/23 21:46:03 904] tts        792  TTS_MSG_GETAUDIO  0  
[2019/10/23 21:46:03 904] tts        557  get audio|use local  
[2019/10/23 21:46:03 904] tts        599  0  nil  1  
[2019/10/23 21:46:03 904] tts        792  TTS_MSG_GETAUDIO  0  
[2019/10/23 21:46:03 904] tts        557  get audio|use local  
[2019/10/23 21:46:03 904] tts        599  0  nil  1  
[2019/10/23 21:46:03 904] tts        792  TTS_MSG_GETAUDIO  0  
[2019/10/23 21:46:03 904] tts        557  get audio|use local  
[2019/10/23 21:46:03 904] tts        599  0  nil  1  
[2019/10/23 21:46:03 904] tts        792  TTS_MSG_GETAUDIO  0  
[2019/10/23 21:46:03 904] tts        557  get audio|use local  
[2019/10/23 21:46:03 904] tts        599  0  nil  1  
[2019/10/23 21:46:03 904] tts        792  TTS_MSG_GETAUDIO  0  
[2019/10/23 21:46:03 904] tts        557  get audio|use local  
[2019/10/23 21:46:03 904] tts        599  0  nil  1  
[2019/10/23 21:46:03 904] tts        792  TTS_MSG_GETAUDIO  0  
[2019/10/23 21:46:03 904] tts        557  get audio|use local  
[2019/10/23 21:46:03 904] tts        599  0  nil  1  
[2019/10/23 21:46:03 905] tts        792  TTS_MSG_GETAUDIO  0  
[2019/10/23 21:46:03 905] tts        557  get audio|use local  
[2019/10/23 21:46:03 905] tts        599  0  nil  1  
[2019/10/23 21:46:03 905] tts        792  TTS_MSG_GETAUDIO  0  
[2019/10/23 21:46:03 905] tts        557  get audio|use local  
[2019/10/23 21:46:03 905] tts        599  0  nil  1  
[2019/10/23 21:46:03 905] tts        792  TTS_MSG_GETAUDIO  0  
[2019/10/23 21:46:03 905] tts        557  get audio|use local  
[2019/10/23 21:46:03 907] tts        599  0  nil  1  
[2019/10/23 21:46:03 907] tts        792  TTS_MSG_GETAUDIO  0  
[2019/10/23 21:46:03 907] tts        557  get audio|use local  
[2019/10/23 21:46:03 907] tts        599  0  nil  1  
[2019/10/23 21:46:03 907] tts        792  TTS_MSG_GETAUDIO  0  
[2019/10/23 21:46:03 907] tts        557  get audio|use local  
[2019/10/23 21:46:03 907] tts        599  0  nil  1  
[2019/10/23 21:46:03 907] tts        792  TTS_MSG_GETAUDIO  0  
[2019/10/23 21:46:03 907] tts        557  get audio|use local  
[2019/10/23 21:46:03 907] tts        599  0  nil  1  
[2019/10/23 21:46:03 907] tts        792  TTS_MSG_GETAUDIO  0  
[2019/10/23 21:46:03 908] tts        557  get audio|use local  
[2019/10/23 21:46:03 908] tts        599  0  nil  1  
[2019/10/23 21:46:03 908] tts        792  TTS_MSG_GETAUDIO  0  
[2019/10/23 21:46:03 908] tts        557  get audio|use local  
[2019/10/23 21:46:03 908] tts        599  0  nil  1  
[2019/10/23 21:46:03 910] tts        792  TTS_MSG_GETAUDIO  0  
[2019/10/23 21:46:03 910] tts        557  get audio|use local  
[2019/10/23 21:46:03 910] tts        599  0  nil  1  
[2019/10/23 21:46:03 910] tts        792  TTS_MSG_GETAUDIO  0  
[2019/10/23 21:46:03 910] tts        557  get audio|use local  
[2019/10/23 21:46:03 910] tts        599  0  nil  1  
[2019/10/23 21:46:03 910] tts        792  TTS_MSG_GETAUDIO  0  
[2019/10/23 21:46:03 910] tts        557  get audio|use local  
[2019/10/23 21:46:03 910] tts        599  0  nil  1  
[2019/10/23 21:46:03 911] tts        792  TTS_MSG_GETAUDIO  0  
[2019/10/23 21:46:03 911] tts        557  get audio|use local  
[2019/10/23 21:46:03 911] tts        599  0  nil  1  
[2019/10/23 21:46:03 911] tts        792  TTS_MSG_GETAUDIO  0  
[2019/10/23 21:46:03 911] tts        557  get audio|use local  
[2019/10/23 21:46:03 911] tts        599  0  nil  1  
[2019/10/23 21:46:03 911] tts        792  TTS_MSG_GETAUDIO  0  
[2019/10/23 21:46:03 911] tts        557  get audio|use local  
[2019/10/23 21:46:03 911] tts        599  0  nil  1  
[2019/10/23 21:46:03 911] tts        792  TTS_MSG_GETAUDIO  0  
[2019/10/23 21:46:03 911] tts        557  get audio|use local  
[2019/10/23 21:46:03 911] tts        599  0  nil  1  
[2019/10/23 21:46:03 911] tts        792  TTS_MSG_GETAUDIO  0  
[2019/10/23 21:46:03 911] tts        557  get audio|use local  
[2019/10/23 21:46:03 911] tts        599  0  nil  1  
[2019/10/23 21:46:03 911] tts        792  TTS_MSG_GETAUDIO  0  
[2019/10/23 21:46:03 911] tts        557  get audio|use local  
[2019/10/23 21:46:03 911] tts        599  0  nil  1  
[2019/10/23 21:46:03 913] tts        792  TTS_MSG_GETAUDIO  0  
[2019/10/23 21:46:03 913] tts        557  get audio|use local  
[2019/10/23 21:46:03 913] tts        599  0  nil  1  
[2019/10/23 21:46:03 914] tts        792  TTS_MSG_GETAUDIO  0  
[2019/10/23 21:46:03 914] tts        557  get audio|use local  
[2019/10/23 21:46:03 914] tts        599  0  nil  1  
[2019/10/23 21:46:03 915] tts        792  TTS_MSG_GETAUDIO  0  
[2019/10/23 21:46:03 915] tts        557  get audio|use local  
[2019/10/23 21:46:03 915] tts        599  0  nil  1  
[2019/10/23 21:46:03 917] tts        792  TTS_MSG_GETAUDIO  0  
[2019/10/23 21:46:03 917] tts        557  get audio|use local  
[2019/10/23 21:46:03 917] tts        599  0  nil  1  
[2019/10/23 21:46:03 917] tts        792  TTS_MSG_GETAUDIO  0  
[2019/10/23 21:46:03 917] tts        557  get audio|use local  
[2019/10/23 21:46:03 917] tts        599  0  nil  1  
[2019/10/23 21:46:03 917] tts        792  TTS_MSG_GETAUDIO  0  
[2019/10/23 21:46:03 917] tts        557  get audio|use local  
[2019/10/23 21:46:03 918] tts        599  0  nil  1  
[2019/10/23 21:46:03 918] tts        792  TTS_MSG_GETAUDIO  0  
[2019/10/23 21:46:03 918] tts        557  get audio|use local  
[2019/10/23 21:46:03 918] tts        599  0  nil  1  
[2019/10/23 21:46:03 918] tts        792  TTS_MSG_GETAUDIO  0  
[2019/10/23 21:46:03 918] tts        557  get audio|use local  
[2019/10/23 21:46:03 918] tts        599  0  nil  1  
[2019/10/23 21:46:03 920] tts        792  TTS_MSG_GETAUDIO  0  
[2019/10/23 21:46:03 920] tts        557  get audio|use local  
[2019/10/23 21:46:03 920] tts        599  0  nil  1  
[2019/10/23 21:46:03 920] tts        792  TTS_MSG_GETAUDIO  0  
[2019/10/23 21:46:03 921] tts        557  get audio|use local  
[2019/10/23 21:46:03 921] tts        599  0  nil  1  
[2019/10/23 21:46:03 921] tts        792  TTS_MSG_GETAUDIO  0  
[2019/10/23 21:46:03 921] tts        557  get audio|use local  
[2019/10/23 21:46:03 921] tts        599  0  nil  1  
[2019/10/23 21:46:03 921] tts        792  TTS_MSG_GETAUDIO  0  
[2019/10/23 21:46:03 921] tts        557  get audio|use local  
[2019/10/23 21:46:03 921] tts        599  0  nil  1  
[2019/10/23 21:46:03 921] tts        792  TTS_MSG_GETAUDIO  0  
[2019/10/23 21:46:03 921] tts        557  get audio|use local  
[2019/10/23 21:46:03 921] tts        599  0  nil  1  
[2019/10/23 21:46:03 921] tts        792  TTS_MSG_GETAUDIO  0  
[2019/10/23 21:46:03 921] tts        557  get audio|use local  
[2019/10/23 21:46:03 921] tts        599  0  nil  1  
[2019/10/23 21:46:03 923] tts        792  TTS_MSG_GETAUDIO  0  
[2019/10/23 21:46:03 923] tts        557  get audio|use local  
[2019/10/23 21:46:03 923] tts        599  0  nil  1  
[2019/10/23 21:46:03 923] tts        792  TTS_MSG_GETAUDIO  0  
[2019/10/23 21:46:03 923] tts        557  get audio|use local  
[2019/10/23 21:46:03 923] tts        599  0  nil  1  
[2019/10/23 21:46:03 923] tts        792  TTS_MSG_GETAUDIO  0  
[2019/10/23 21:46:03 923] tts        557  get audio|use local  
[2019/10/23 21:46:03 923] tts        599  0  nil  1  
[2019/10/23 21:46:03 924] tts        792  TTS_MSG_GETAUDIO  0  
[2019/10/23 21:46:03 924] tts        557  get audio|use local  
[2019/10/23 21:46:03 924] tts        599  0  nil  1  
[2019/10/23 21:46:03 924] tts        792  TTS_MSG_GETAUDIO  0  
[2019/10/23 21:46:03 924] tts        557  get audio|use local  
[2019/10/23 21:46:03 924] tts        599  0  nil  1  
[2019/10/23 21:46:03 924] tts        792  TTS_MSG_GETAUDIO  0  
[2019/10/23 21:46:03 924] tts        557  get audio|use local  
[2019/10/23 21:46:03 924] tts        599  0  nil  1  
[2019/10/23 21:46:03 924] tts        792  TTS_MSG_GETAUDIO  0  
[2019/10/23 21:46:03 924] tts        557  get audio|use local  
[2019/10/23 21:46:03 926] tts        599  0  nil  1  
[2019/10/23 21:46:03 926] tts        792  TTS_MSG_GETAUDIO  0  
[2019/10/23 21:46:03 926] tts        557  get audio|use local  
[2019/10/23 21:46:03 926] tts        599  0  nil  1  
[2019/10/23 21:46:03 926] tts        792  TTS_MSG_GETAUDIO  0  
[2019/10/23 21:46:03 926] tts        557  get audio|use local  
[2019/10/23 21:46:03 926] tts        599  0  nil  1  
[2019/10/23 21:46:03 927] tts        792  TTS_MSG_GETAUDIO  0  
[2019/10/23 21:46:03 927] tts        557  get audio|use local  
[2019/10/23 21:46:03 927] tts        599  0  nil  1  
[2019/10/23 21:46:03 927] tts        792  TTS_MSG_GETAUDIO  0  
[2019/10/23 21:46:03 927] tts        557  get audio|use local  
[2019/10/23 21:46:03 927] tts        599  0  nil  1  
[2019/10/23 21:46:03 927] tts        792  TTS_MSG_GETAUDIO  0  
[2019/10/23 21:46:03 927] tts        557  get audio|use local  
[2019/10/23 21:46:03 927] tts        599  0  nil  1  
[2019/10/23 21:46:03 927] tts        792  TTS_MSG_GETAUDIO  0  
[2019/10/23 21:46:03 927] tts        557  get audio|use local  
[2019/10/23 21:46:03 927] tts        599  0  nil  1  
[2019/10/23 21:46:03 928] tts        792  TTS_MSG_GETAUDIO  0  
[2019/10/23 21:46:03 928] tts        557  get audio|use local  
[2019/10/23 21:46:03 928] tts        599  0  nil  1  
[2019/10/23 21:46:03 928] tts        792  TTS_MSG_GETAUDIO  0  
[2019/10/23 21:46:03 928] tts        557  get audio|use local  
[2019/10/23 21:46:03 928] tts        599  0  nil  1  
[2019/10/23 21:46:03 928] tts        792  TTS_MSG_GETAUDIO  0  
[2019/10/23 21:46:03 928] tts        557  get audio|use local  
[2019/10/23 21:46:03 930] tts        599  0  nil  1  
[2019/10/23 21:46:03 930] tts        792  TTS_MSG_GETAUDIO  0  
[2019/10/23 21:46:03 930] tts        557  get audio|use local  
[2019/10/23 21:46:03 930] tts        599  0  nil  1  
[2019/10/23 21:46:03 930] tts        792  TTS_MSG_GETAUDIO  0  
[2019/10/23 21:46:03 930] tts        557  get audio|use local  
[2019/10/23 21:46:03 930] tts        599  0  nil  1  
[2019/10/23 21:46:03 930] tts        792  TTS_MSG_GETAUDIO  0  
[2019/10/23 21:46:03 930] tts        557  get audio|use local  
[2019/10/23 21:46:03 930] tts        599  0  nil  1  
[2019/10/23 21:46:03 930] tts        792  TTS_MSG_GETAUDIO  0  
[2019/10/23 21:46:03 930] tts        557  get audio|use local  
[2019/10/23 21:46:03 930] tts        599  0  nil  1  
[2019/10/23 21:46:03 930] tts        792  TTS_MSG_GETAUDIO  0  
[2019/10/23 21:46:03 930] tts        557  get audio|use local  
[2019/10/23 21:46:03 930] tts        599  0  nil  1  
[2019/10/23 21:46:03 931] tts        792  TTS_MSG_GETAUDIO  0  
[2019/10/23 21:46:03 931] tts        557  get audio|use local  
[2019/10/23 21:46:03 931] tts        599  0  nil  1  
[2019/10/23 21:46:03 931] tts        792  TTS_MSG_GETAUDIO  0  
[2019/10/23 21:46:03 931] tts        557  get audio|use local  
[2019/10/23 21:46:03 931] tts        599  0  nil  1  
[2019/10/23 21:46:03 931] tts        792  TTS_MSG_GETAUDIO  0  
[2019/10/23 21:46:03 931] tts        557  get audio|use local  
[2019/10/23 21:46:03 931] tts        599  0  nil  1  
[2019/10/23 21:46:03 933] tts        792  TTS_MSG_GETAUDIO  0  
[2019/10/23 21:46:03 933] tts        557  get audio|use local  
[2019/10/23 21:46:03 933] tts        599  0  nil  1  
[2019/10/23 21:46:03 933] tts        792  TTS_MSG_GETAUDIO  0  
[2019/10/23 21:46:03 933] tts        557  get audio|use local  
[2019/10/23 21:46:03 933] tts        599  0  nil  1  
[2019/10/23 21:46:03 933] tts        792  TTS_MSG_GETAUDIO  0  
[2019/10/23 21:46:03 933] tts        557  get audio|use local  
[2019/10/23 21:46:03 933] tts        599  0  nil  1  
[2019/10/23 21:46:03 934] tts        792  TTS_MSG_GETAUDIO  0  
[2019/10/23 21:46:03 934] tts        557  get audio|use local  
[2019/10/23 21:46:03 934] tts        599  0  nil  1  
[2019/10/23 21:46:03 934] tts        792  TTS_MSG_GETAUDIO  0  
[2019/10/23 21:46:03 934] tts        557  get audio|use local  
[2019/10/23 21:46:03 934] tts        599  0  nil  1  
[2019/10/23 21:46:03 937] tts        792  TTS_MSG_GETAUDIO  0  
[2019/10/23 21:46:03 937] tts        557  get audio|use local  
[2019/10/23 21:46:03 937] tts        599  0  nil  1  
[2019/10/23 21:46:03 937] tts        792  TTS_MSG_GETAUDIO  0  
[2019/10/23 21:46:03 937] tts        557  get audio|use local  
[2019/10/23 21:46:03 938] tts        599  0  nil  1  
[2019/10/23 21:46:03 938] tts        792  TTS_MSG_GETAUDIO  0  
[2019/10/23 21:46:03 938] tts        557  get audio|use local  
[2019/10/23 21:46:03 938] tts        599  0  nil  1  
[2019/10/23 21:46:03 940] tts        792  TTS_MSG_GETAUDIO  0  
[2019/10/23 21:46:03 940] tts        557  get audio|use local  
[2019/10/23 21:46:03 940] tts        599  0  nil  1  
[2019/10/23 21:46:03 940] tts        792  TTS_MSG_GETAUDIO  0  
[2019/10/23 21:46:03 940] tts        557  get audio|use local  
[2019/10/23 21:46:03 940] tts        599  0  nil  1  
[2019/10/23 21:46:03 941] tts        792  TTS_MSG_GETAUDIO  0  
[2019/10/23 21:46:03 941] tts        557  get audio|use local  
[2019/10/23 21:46:03 941] tts        599  0  nil  1  
[2019/10/23 21:46:03 943] tts        792  TTS_MSG_GETAUDIO  0  
[2019/10/23 21:46:03 943] tts        557  get audio|use local  
[2019/10/23 21:46:03 943] tts        599  0  nil  1  
[2019/10/23 21:46:03 944] tts        792  TTS_MSG_GETAUDIO  0  
[2019/10/23 21:46:03 944] tts        557  get audio|use local  
[2019/10/23 21:46:03 944] tts        599  0  nil  1  
[2019/10/23 21:46:03 944] tts        792  TTS_MSG_GETAUDIO  0  
[2019/10/23 21:46:03 944] tts        557  get audio|use local  
[2019/10/23 21:46:03 944] tts        599  0  nil  1  
[2019/10/23 21:46:03 944] tts        301  TTS_LOCAL_CB_BEGIN  
[2019/10/23 21:46:03 946] tts        792  TTS_MSG_GETAUDIO  0  
[2019/10/23 21:46:03 946] tts        557  get audio|use local  
[2019/10/23 21:46:03 946] tts        599  0  nil  1  
[2019/10/23 21:46:03 946] tts        792  TTS_MSG_GETAUDIO  0  
[2019/10/23 21:46:03 946] tts        557  get audio|use local  
[2019/10/23 21:46:03 946] tts        599  0  nil  1  
[2019/10/23 21:46:03 947] tts        792  TTS_MSG_GETAUDIO  0  
[2019/10/23 21:46:03 947] tts        557  get audio|use local  
[2019/10/23 21:46:03 947] tts        599  0  nil  1  
[2019/10/23 21:46:03 947] tts        792  TTS_MSG_GETAUDIO  0  
[2019/10/23 21:46:03 947] tts        557  get audio|use local  
[2019/10/23 21:46:03 947] tts        599  0  nil  1  
[2019/10/23 21:46:03 947] tts        317  TTS_LOCAL_CB_OUTPUT  101  udata(47f8dc8) 4  
[2019/10/23 21:46:03 947] tts        321  udata(47f8dc8) 4  
[2019/10/23 21:46:03 948] tts        792  TTS_MSG_GETAUDIO  0  
[2019/10/23 21:46:03 948] tts        557  get audio|use local  
[2019/10/23 21:46:03 948] tts        570  local audiolen:  212  ,ced:  4  
[2019/10/23 21:46:03 948] tts        599  0  udata(47f9308) 1  
[2019/10/23 21:46:03 950] tts        792  TTS_MSG_GETAUDIO  0  
[2019/10/23 21:46:03 950] tts        557  get audio|use local  
[2019/10/23 21:46:03 950] tts        599  0  nil  1  
[2019/10/23 21:46:03 950] tts        317  TTS_LOCAL_CB_OUTPUT  101  udata(47f90f8) 4  
[2019/10/23 21:46:03 950] tts        321  udata(47f90f8) 4  
[2019/10/23 21:46:03 950] tts        792  TTS_MSG_GETAUDIO  0  
[2019/10/23 21:46:03 950] tts        557  get audio|use local  
[2019/10/23 21:46:03 950] tts        570  local audiolen:  5860  ,ced:  4  
[2019/10/23 21:46:03 950] tts        599  0  udata(47f8e58) 1  
[2019/10/23 21:46:03 950] tts        792  TTS_MSG_GETAUDIO  0  
[2019/10/23 21:46:03 950] tts        557  get audio|use local  
[2019/10/23 21:46:03 950] tts        599  0  nil  1  
[2019/10/23 21:46:03 951] tts        792  TTS_MSG_GETAUDIO  0  
[2019/10/23 21:46:03 951] tts        557  get audio|use local  
[2019/10/23 21:46:03 951] tts        599  0  nil  1  
[2019/10/23 21:46:03 951] tts        317  TTS_LOCAL_CB_OUTPUT  101  udata(47f9338) 4  
[2019/10/23 21:46:03 951] tts        321  udata(47f9338) 4  
[2019/10/23 21:46:03 951] tts        792  TTS_MSG_GETAUDIO  0  
[2019/10/23 21:46:03 953] tts        557  get audio|use local  
[2019/10/23 21:46:03 953] tts        570  local audiolen:  7876  ,ced:  4  
[2019/10/23 21:46:03 953] tts        599  0  udata(47f8f78) 1  
[2019/10/23 21:46:03 953] tts        317  TTS_LOCAL_CB_OUTPUT  101  udata(47f9188) 4  
[2019/10/23 21:46:03 953] tts        321  udata(47f9188) 4  
[2019/10/23 21:46:03 954] tts        792  TTS_MSG_GETAUDIO  0  
[2019/10/23 21:46:03 954] tts        557  get audio|use local  
[2019/10/23 21:46:03 954] tts        570  local audiolen:  8536  ,ced:  4  
[2019/10/23 21:46:03 954] tts        599  0  udata(47f9728) 1  
[2019/10/23 21:46:03 954] tts        317  TTS_LOCAL_CB_OUTPUT  101  udata(47f97b8) 4  
[2019/10/23 21:46:03 956] tts        321  udata(47f97b8) 4  
[2019/10/23 21:46:03 956] tts        317  TTS_LOCAL_CB_OUTPUT  101  udata(47f9758) 4  
[2019/10/23 21:46:03 956] tts        321  udata(47f9758) 4  
[2019/10/23 21:46:03 957] tts        317  TTS_LOCAL_CB_OUTPUT  101  udata(47f9788) 4  
[2019/10/23 21:46:03 957] tts        321  udata(47f9788) 4  
[2019/10/23 21:46:03 957] tts        792  TTS_MSG_GETAUDIO  0  
[2019/10/23 21:46:03 957] tts        557  get audio|use local  
[2019/10/23 21:46:03 957] tts        570  local audiolen:  512  ,ced:  4  
[2019/10/23 21:46:03 957] tts        599  0  udata(47f9968) 1  
[2019/10/23 21:46:03 957] tts        317  TTS_LOCAL_CB_OUTPUT  101  udata(47f9878) 4  
[2019/10/23 21:46:03 957] tts        321  udata(47f9878) 4  
[2019/10/23 21:46:03 959] tts        317  TTS_LOCAL_CB_OUTPUT  101  udata(47f93c8) 4  
[2019/10/23 21:46:03 959] tts        321  udata(47f93c8) 4  
[2019/10/23 21:46:03 959] tts        317  TTS_LOCAL_CB_OUTPUT  101  udata(47f9488) 4  
[2019/10/23 21:46:03 960] tts        321  udata(47f9488) 4  
[2019/10/23 21:46:03 960] tts        317  TTS_LOCAL_CB_OUTPUT  101  udata(47f98d8) 4  
[2019/10/23 21:46:03 960] tts        321  udata(47f98d8) 4  
[2019/10/23 21:46:03 960] tts        317  TTS_LOCAL_CB_OUTPUT  101  udata(47f96f8) 4  
[2019/10/23 21:46:03 960] tts        321  udata(47f96f8) 4  
[2019/10/23 21:46:03 960] tts        317  TTS_LOCAL_CB_OUTPUT  101  udata(47f93f8) 4  
[2019/10/23 21:46:03 960] tts        321  udata(47f93f8) 4  
[2019/10/23 21:46:03 961] tts        792  TTS_MSG_GETAUDIO  0  
[2019/10/23 21:46:03 961] tts        557  get audio|use local  
[2019/10/23 21:46:03 961] tts        570  local audiolen:  512  ,ced:  4  
[2019/10/23 21:46:03 961] tts        599  0  udata(47f94b8) 1  
[2019/10/23 21:46:03 963] tts        317  TTS_LOCAL_CB_OUTPUT  101  udata(47f94e8) 4  
[2019/10/23 21:46:03 963] tts        321  udata(47f94e8) 4  
[2019/10/23 21:46:03 963] tts        317  TTS_LOCAL_CB_OUTPUT  101  udata(47f96c8) 4  
[2019/10/23 21:46:03 963] tts        321  udata(47f96c8) 4  
[2019/10/23 21:46:03 963] tts        317  TTS_LOCAL_CB_OUTPUT  101  udata(47f9db8) 4  
[2019/10/23 21:46:03 963] tts        321  udata(47f9db8) 4  
[2019/10/23 21:46:03 963] tts        317  TTS_LOCAL_CB_OUTPUT  101  udata(47f9bd8) 4  
[2019/10/23 21:46:03 963] tts        321  udata(47f9bd8) 4  
[2019/10/23 21:46:03 964] tts        317  TTS_LOCAL_CB_OUTPUT  101  udata(47f9b78) 4  
[2019/10/23 21:46:03 964] tts        321  udata(47f9b78) 4  
[2019/10/23 21:46:03 964] tts        317  TTS_LOCAL_CB_OUTPUT  101  udata(47f9d58) 4  
[2019/10/23 21:46:03 964] tts        321  udata(47f9d58) 4  
[2019/10/23 21:46:03 966] tts        317  TTS_LOCAL_CB_OUTPUT  101  udata(47f9c98) 4  
[2019/10/23 21:46:03 966] tts        321  udata(47f9c98) 4  
[2019/10/23 21:46:03 967] tts        317  TTS_LOCAL_CB_OUTPUT  101  udata(47f9a28) 4  
[2019/10/23 21:46:03 967] tts        321  udata(47f9a28) 4  
[2019/10/23 21:46:03 967] tts        317  TTS_LOCAL_CB_OUTPUT  101  udata(47f9f08) 4  
[2019/10/23 21:46:03 967] tts        321  udata(47f9f08) 4  
[2019/10/23 21:46:03 967] tts        317  TTS_LOCAL_CB_OUTPUT  101  udata(47f9f98) 4  
[2019/10/23 21:46:03 967] tts        321  udata(47f9f98) 4  
[2019/10/23 21:46:03 967] tts        317  TTS_LOCAL_CB_OUTPUT  101  udata(47f9de8) 19  
[2019/10/23 21:46:03 967] tts        321  udata(47f9de8) 19  
[2019/10/23 21:46:03 967] tts        317  TTS_LOCAL_CB_OUTPUT  101  udata(47f9cc8) 19  
[2019/10/23 21:46:03 967] tts        321  udata(47f9cc8) 19  
[2019/10/23 21:46:03 969] tts        792  TTS_MSG_GETAUDIO  0  
[2019/10/23 21:46:03 969] tts        557  get audio|use local  
[2019/10/23 21:46:03 969] tts        570  local audiolen:  512  ,ced:  4  
[2019/10/23 21:46:03 969] tts        599  0  udata(47f9ed8) 1  
[2019/10/23 21:46:03 970] tts        317  TTS_LOCAL_CB_OUTPUT  101  udata(47f9ea8) 19  
[2019/10/23 21:46:03 970] tts        321  udata(47f9ea8) 19  
[2019/10/23 21:46:03 970] tts        792  TTS_MSG_GETAUDIO  0  
[2019/10/23 21:46:03 970] tts        557  get audio|use local  
[2019/10/23 21:46:03 970] tts        570  local audiolen:  512  ,ced:  4  
[2019/10/23 21:46:03 970] tts        599  0  udata(47f9c08) 1  
[2019/10/23 21:46:03 970] tts        792  TTS_MSG_GETAUDIO  0  
[2019/10/23 21:46:03 970] tts        557  get audio|use local  
[2019/10/23 21:46:03 970] tts        570  local audiolen:  512  ,ced:  4  
[2019/10/23 21:46:03 970] tts        599  0  udata(47f9f68) 1  
[2019/10/23 21:46:03 971] tts        317  TTS_LOCAL_CB_OUTPUT  101  udata(47f99f8) 19  
[2019/10/23 21:46:03 971] tts        321  udata(47f99f8) 19  
[2019/10/23 21:46:03 971] tts        792  TTS_MSG_GETAUDIO  0  
[2019/10/23 21:46:03 971] tts        557  get audio|use local  
[2019/10/23 21:46:03 971] tts        570  local audiolen:  512  ,ced:  4  
[2019/10/23 21:46:03 971] tts        599  0  udata(47f9a58) 1  
[2019/10/23 21:46:03 973] tts        792  TTS_MSG_GETAUDIO  0  
[2019/10/23 21:46:03 973] tts        557  get audio|use local  
[2019/10/23 21:46:03 973] tts        570  local audiolen:  512  ,ced:  4  
[2019/10/23 21:46:03 973] tts        599  0  udata(47f9a88) 1  
[2019/10/23 21:46:03 973] tts        317  TTS_LOCAL_CB_OUTPUT  101  udata(47f9b18) 19  
[2019/10/23 21:46:03 973] tts        321  udata(47f9b18) 19  
[2019/10/23 21:46:03 973] tts        792  TTS_MSG_GETAUDIO  0  
[2019/10/23 21:46:03 973] tts        557  get audio|use local  
[2019/10/23 21:46:03 973] tts        570  local audiolen:  512  ,ced:  4  
[2019/10/23 21:46:03 974] tts        599  0  udata(47f9ba8) 1  
[2019/10/23 21:46:03 974] tts        317  TTS_LOCAL_CB_OUTPUT  101  udata(47fa0b8) 19  
[2019/10/23 21:46:03 974] tts        321  udata(47fa0b8) 19  
[2019/10/23 21:46:03 976] tts        792  TTS_MSG_GETAUDIO  0  
[2019/10/23 21:46:03 976] tts        557  get audio|use local  
[2019/10/23 21:46:03 976] tts        570  local audiolen:  512  ,ced:  4  
[2019/10/23 21:46:03 976] tts        599  0  udata(3c454d0) 1  
[2019/10/23 21:46:03 976] tts        317  TTS_LOCAL_CB_OUTPUT  101  udata(3c45320) 19  
[2019/10/23 21:46:03 976] tts        321  udata(3c45320) 19  
[2019/10/23 21:46:03 977] tts        792  TTS_MSG_GETAUDIO  0  
[2019/10/23 21:46:03 977] tts        557  get audio|use local  
[2019/10/23 21:46:03 977] tts        570  local audiolen:  512  ,ced:  4  
[2019/10/23 21:46:03 977] tts        599  0  udata(47fa598) 1  
[2019/10/23 21:46:03 979] tts        317  TTS_LOCAL_CB_OUTPUT  101  udata(47fa508) 19  
[2019/10/23 21:46:03 979] tts        321  udata(47fa508) 19  
[2019/10/23 21:46:03 980] tts        303  0  0  
[2019/10/23 21:46:03 980] tts        314  TTS_LOCAL_CB_END,  2  
[2019/10/23 21:46:03 980] tts        792  TTS_MSG_GETAUDIO  0  
[2019/10/23 21:46:03 980] tts        557  get audio|use local  
[2019/10/23 21:46:03 980] tts        570  local audiolen:  512  ,ced:  4  
[2019/10/23 21:46:03 980] tts        599  0  udata(47f9fc8) 1  
[2019/10/23 21:46:03 980] tts        792  TTS_MSG_GETAUDIO  0  
[2019/10/23 21:46:03 980] tts        557  get audio|use local  
[2019/10/23 21:46:03 980] tts        570  local audiolen:  512  ,ced:  4  
[2019/10/23 21:46:03 980] tts        599  0  udata(47fa2f8) 1  
[2019/10/23 21:46:03 983] tts        792  TTS_MSG_GETAUDIO  0  
[2019/10/23 21:46:03 983] tts        557  get audio|use local  
[2019/10/23 21:46:03 983] tts        570  local audiolen:  512  ,ced:  4  
[2019/10/23 21:46:03 983] tts        599  0  udata(47f9ff8) 1  
[2019/10/23 21:46:03 984] tts        792  TTS_MSG_GETAUDIO  0  
[2019/10/23 21:46:03 984] tts        557  get audio|use local  
[2019/10/23 21:46:03 984] tts        570  local audiolen:  512  ,ced:  4  
[2019/10/23 21:46:03 984] tts        599  0  udata(3c45350) 1  
[2019/10/23 21:46:03 984] tts        792  TTS_MSG_GETAUDIO  0  
[2019/10/23 21:46:03 984] tts        557  get audio|use local  
[2019/10/23 21:46:03 984] tts        570  local audiolen:  512  ,ced:  4  
[2019/10/23 21:46:03 986] tts        599  0  udata(3c45410) 1  
[2019/10/23 21:46:03 986] tts        792  TTS_MSG_GETAUDIO  0  
[2019/10/23 21:46:03 986] tts        557  get audio|use local  
[2019/10/23 21:46:03 986] tts        570  local audiolen:  512  ,ced:  4  
[2019/10/23 21:46:03 986] tts        599  0  udata(3c45440) 1  
[2019/10/23 21:46:03 986] tts        792  TTS_MSG_GETAUDIO  0  
[2019/10/23 21:46:03 986] tts        557  get audio|use local  
[2019/10/23 21:46:03 986] tts        570  local audiolen:  512  ,ced:  4  
[2019/10/23 21:46:03 986] tts        599  0  udata(3c453e0) 1  
[2019/10/23 21:46:03 986] tts        792  TTS_MSG_GETAUDIO  0  
[2019/10/23 21:46:03 986] tts        557  get audio|use local  
[2019/10/23 21:46:03 986] tts        570  local audiolen:  512  ,ced:  4  
[2019/10/23 21:46:03 986] tts        599  0  udata(3c45380) 1  
[2019/10/23 21:46:03 986] tts        792  TTS_MSG_GETAUDIO  0  
[2019/10/23 21:46:03 986] tts        557  get audio|use local  
[2019/10/23 21:46:03 987] tts        570  local audiolen:  160  ,ced:  4  
[2019/10/23 21:46:03 987] tts        599  0  udata(3c45470) 1  
[2019/10/23 21:46:03 987] tts        792  TTS_MSG_GETAUDIO  0  
[2019/10/23 21:46:03 987] tts        557  get audio|use local  
[2019/10/23 21:46:03 987] tts        570  local audiolen:  140  ,ced:  19  
[2019/10/23 21:46:03 987] tts        599  0  udata(3c454a0) 1  
[2019/10/23 21:46:03 989] tts        792  TTS_MSG_GETAUDIO  0  
[2019/10/23 21:46:03 989] tts        557  get audio|use local  
[2019/10/23 21:46:03 989] tts        570  local audiolen:  9634  ,ced:  19  
[2019/10/23 21:46:03 989] tts        599  0  udata(485c5a0) 1  
[2019/10/23 21:46:03 990] tts        792  TTS_MSG_GETAUDIO  0  
[2019/10/23 21:46:03 990] tts        557  get audio|use local  
[2019/10/23 21:46:03 990] tts        570  local audiolen:  3318  ,ced:  19  
[2019/10/23 21:46:03 990] tts        599  0  udata(485c420) 1  
[2019/10/23 21:46:03 992] tts        792  TTS_MSG_GETAUDIO  0  
[2019/10/23 21:46:03 992] tts        557  get audio|use local  
[2019/10/23 21:46:03 992] tts        570  local audiolen:  9550  ,ced:  19  
[2019/10/23 21:46:03 993] tts        599  0  udata(485c4b0) 1  
[2019/10/23 21:46:03 993] tts        792  TTS_MSG_GETAUDIO  0  
[2019/10/23 21:46:03 993] tts        557  get audio|use local  
[2019/10/23 21:46:03 993] tts        570  local audiolen:  5416  ,ced:  19  
[2019/10/23 21:46:03 993] tts        599  0  udata(485c6c0) 1  
[2019/10/23 21:46:03 994] tts        792  TTS_MSG_GETAUDIO  0  
[2019/10/23 21:46:03 994] tts        557  get audio|use local  
[2019/10/23 21:46:03 994] tts        570  local audiolen:  4470  ,ced:  19  
[2019/10/23 21:46:03 994] tts        599  0  udata(485c390) 1  
[2019/10/23 21:46:03 994] tts        792  TTS_MSG_GETAUDIO  0  
[2019/10/23 21:46:03 996] tts        557  get audio|use local  
[2019/10/23 21:46:03 996] tts        570  local audiolen:  3082  ,ced:  19  
[2019/10/23 21:46:03 996] tts        599  0  udata(485c630) 1  
[2019/10/23 21:46:03 996] tts        792  TTS_MSG_GETAUDIO  0  
[2019/10/23 21:46:03 996] tts        557  get audio|use local  
[2019/10/23 21:46:03 996] tts        570  local audiolen:  12638  ,ced:  19  
[2019/10/23 21:46:03 996] tts        599  0  udata(485c4e0) 2  
[2019/10/23 21:46:03 996] tts        795  TTS_MSG_SSE  
[2019/10/23 21:46:03 997] tts        693  sse|use local  
[2019/10/23 21:46:03 997] tts        711  tts exit  
