============================================================
Time  2019/11/19 15:12:04 259 
============================================================
[2019/11/19 15:12:04 259] tts_local  1837 Win32  
[2019/11/19 15:12:04 260] tts_local  1873 SYS_MSG_REGCB_LOCAL  
[2019/11/19 15:12:04 262] tts_local  1888 last gc at  1574147524  
[2019/11/19 15:12:04 262] tts_local  1873 SYS_MSG_REGCB_LOCAL  
[2019/11/19 15:12:04 263] tts_local  1888 last gc at  1574147524  
[2019/11/19 15:12:04 263] tts_local  1680 TTS_LOCAL_MSG_SSB  engine_type=local,voice_name=xiaofeng,text_encoding=GB2312,tts_res_path=fo|res\tts\xiaofeng.jet;fo|res\tts\common.jet,sample_rate=16000,speed=50,volume=50,pitch=50,rdn=0  
[2019/11/19 15:12:04 263] tts_local  1572 fo|res\tts\xiaofeng.jet;fo|res\tts\common.jet  
[2019/11/19 15:12:04 263] tts_local  1575 nil  
[2019/11/19 15:12:04 263] tts_local  862  resource path:  fo|res\tts\xiaofeng.jet;fo|res\tts\common.jet  
[2019/11/19 15:12:04 263] tts_local  890  Disperse res  
[2019/11/19 15:12:04 263] tts_local  994  fo|res\tts\xiaofeng.jet  fo|res\tts\common.jet  
[2019/11/19 15:12:04 263] tts_local  1579 res_change is  true  
[2019/11/19 15:12:04 263] tts_local  1595 res change  
[2019/11/19 15:12:04 263] tts_local  1398 lgi:  nil  nil  
[2019/11/19 15:12:04 263] tts_local  862  resource path:  fo|res\tts\xiaofeng.jet;fo|res\tts\common.jet  
[2019/11/19 15:12:04 263] tts_local  890  Disperse res  
[2019/11/19 15:12:04 263] tts_local  852  file_type:  fo  file_path:  res\tts\xiaofeng.jet  
[2019/11/19 15:12:04 263] tts_local  852  file_type:  fo  file_path:  res\tts\common.jet  
[2019/11/19 15:12:04 263] tts_local  1426 fo  fo  res\tts\xiaofeng.jet  0  res\tts\common.jet  0  false  
[2019/11/19 15:12:04 265] tts_local  1033 speech_plus_setting  0  
[2019/11/19 15:12:04 265] tts_local  1041 fo  res\tts\xiaofeng.jet  0  0  
[2019/11/19 15:12:04 265] tts_local  1045 res_ver  0  
[2019/11/19 15:12:04 265] tts_local  1046 res appid5    
[2019/11/19 15:12:04 265] tts_local  1047 res_new_old_mark  v5vn  
[2019/11/19 15:12:04 266] tts_local  1048 res_usr_name    
[2019/11/19 15:12:04 266] tts_local  1049 check ret  0  
[2019/11/19 15:12:04 266] tts_local  1129 v5vn  
[2019/11/19 15:12:04 266] tts_local  1188 now expires:  1574147524  1574585527  
[2019/11/19 15:12:04 267] auth       82   aisound  app  nil  nil  {"aisound":{"ver":"2","bus":{"expire_date":1574585527,"forbid":"0","nlimit":3}}}  
[2019/11/19 15:12:04 269] auth       161  auth get aisound_res_id  nil  
[2019/11/19 15:12:04 269] auth       354  nil  
[2019/11/19 15:12:04 269] tts_local  1033 speech_plus_setting  0  
[2019/11/19 15:12:04 269] tts_local  1041 fo  res\tts\common.jet  0  0  
[2019/11/19 15:12:04 269] tts_local  1045 res_ver  0  
[2019/11/19 15:12:04 269] tts_local  1046 res appid5    
[2019/11/19 15:12:04 269] tts_local  1047 res_new_old_mark  v5vn  
[2019/11/19 15:12:04 269] tts_local  1048 res_usr_name    
[2019/11/19 15:12:04 269] tts_local  1049 check ret  0  
[2019/11/19 15:12:04 269] tts_local  1129 v5vn  
[2019/11/19 15:12:04 269] tts_local  1188 now expires:  1574147524  1574585527  
[2019/11/19 15:12:04 269] tts_local  1475 v5vn  v5vn  
[2019/11/19 15:12:04 269] auth       82   aisound  app  nil  nil  {"aisound":{"ver":"2","bus":{"expire_date":1574585527,"forbid":"0","nlimit":3}}}  
[2019/11/19 15:12:04 270] auth       161  auth get aisound_res_id  nil  
[2019/11/19 15:12:04 272] auth       354  nil  
[2019/11/19 15:12:04 272] tts_local  1518 fo  res\tts\xiaofeng.jet  146  fo  res\tts\common.jet  113  false  func(6260360) 
[2019/11/19 15:12:04 275] tts_local  1534 engine init success  
[2019/11/19 15:12:04 275] tts_local  862  resource path:  fo|res\tts\xiaofeng.jet;fo|res\tts\common.jet  
[2019/11/19 15:12:04 275] tts_local  890  Disperse res  
[2019/11/19 15:12:04 275] tts_local  1597 reinit ret:  0  
[2019/11/19 15:12:04 276] tts_local  1314 app auth  
[2019/11/19 15:12:04 276] auth       621  app  nil  nil  nil  
[2019/11/19 15:12:04 276] auth       678  ath rquest  {"authorize":[{"busin":"aisound","ver":"2.1.1"}]}  
[2019/11/19 15:12:04 276] config     91   select default  
[2019/11/19 15:12:04 276] config     113  use general cloud  
[2019/11/19 15:12:04 276] transport  645  paramkvsport is   nil  
[2019/11/19 15:12:04 276] transport  657  ns_enable=  1  
[2019/11/19 15:12:04 276] transport  659  2017-08--24 is_ns_need_close =   nil  
[2019/11/19 15:12:04 276] transport  665  net.nettype=  unknown  
[2019/11/19 15:12:04 276] transport  675  url.full=  nil  
[2019/11/19 15:12:04 276] transport  680  server_url_host=, server_url_port=, server_url_path=  open.xf-yun.com  nil  /msp.do  
[2019/11/19 15:12:04 276] transport  907  net type:  unknown  
[2019/11/19 15:12:04 276] transport  908  net operator:  def  
[2019/11/19 15:12:04 276] transport  909  use proxy:  false  
[2019/11/19 15:12:04 276] auth       733  not login!  
[2019/11/19 15:12:04 276] auth       570  [session] send auth request  
[2019/11/19 15:12:04 278] transport  1105 session.domain=  open.xf-yun.com  
[2019/11/19 15:12:04 278] transport  1106 url.host=  open.xf-yun.com  
[2019/11/19 15:12:04 278] transport  1083 NAMESERVER START  
[2019/11/19 15:12:04 278] transport  1086 name =   ath  
[2019/11/19 15:12:04 278] ns         634  ntt=  unknown  
[2019/11/19 15:12:04 278] transport  1089 trans,ns_inprog =  0  
[2019/11/19 15:12:04 278] ns         582  name server start  
[2019/11/19 15:12:04 278] ns         588  ns_sub =   ath  
[2019/11/19 15:12:04 278] ns         596  ns_host =   open.xf-yun.com  
[2019/11/19 15:12:04 278] ns         475  ns_host=  open.xf-yun.com  
[2019/11/19 15:12:04 279] ns         555  net_type =  standard  
[2019/11/19 15:12:04 279] ns         556  cmwapascmnet =  
[2019/11/19 15:12:04 279] ns         557  uniwapasuninet =  
[2019/11/19 15:12:04 279] ns         558  ctwapasctnet =  
[2019/11/19 15:12:04 279] ns         576  host=  hdns.xf-yun.com  
[2019/11/19 15:12:04 279] network    263  gethostbyname  hdns.xf-yun.com  ns1  
[2019/11/19 15:12:04 279] auth       577  0  
[2019/11/19 15:12:04 279] auth       540  lver:  nil  
[2019/11/19 15:12:04 279] auth       545  cfg_ver:  nil  
[2019/11/19 15:12:04 279] transport  1860 transport_obj.send | in  
[2019/11/19 15:12:04 279] transport  1866 self.msg_flag_q  table(bbeaad0) 
[2019/11/19 15:12:04 279] transport  1867 self.msg_q  table(bbeacb0) 
[2019/11/19 15:12:04 279] transport  1799 transport_obj.try2send | in  
[2019/11/19 15:12:04 279] transport  1800 self.soc  nil  
[2019/11/19 15:12:04 279] transport  1801 self.connected  false  
[2019/11/19 15:12:04 279] transport  1802 self.latesterr  0  
[2019/11/19 15:12:04 280] transport  1873 transport_obj.send | out  
[2019/11/19 15:12:04 280] tts_local  1367 forbid_aisound =  0  
[2019/11/19 15:12:04 280] tts_local  1644 set voice name:  xiaofeng  
[2019/11/19 15:12:04 280] tts_local  1646 set default voice name:  xiaofeng  
[2019/11/19 15:12:04 280] tts_local  295  speed increase:  1  
[2019/11/19 15:12:04 280] tts_local  308  rcn:  0  
[2019/11/19 15:12:04 282] tts_local  321  bgs:  0  
[2019/11/19 15:12:04 282] tts_local  647  v5vn  
[2019/11/19 15:12:04 282] tts_local  696  fit:  false  
[2019/11/19 15:12:04 282] tts_local  551  type:  speed  value:  50  weight:  50  double_weight:  100  
[2019/11/19 15:12:04 282] tts_local  551  type:  pitch  value:  50  weight:  50  double_weight:  100  
[2019/11/19 15:12:04 283] tts_local  551  type:  volume  value:  50  weight:  50  double_weight:  100  
[2019/11/19 15:12:04 283] tts_local  580  sample_rate:  528  
[2019/11/19 15:12:04 283] tts_local  593  text_encoding:  936  
[2019/11/19 15:12:04 285] tts_local  614  rdn:  0  
[2019/11/19 15:12:04 285] tts_local  627  effect:  0  
[2019/11/19 15:12:04 286] tts_local  1738 tts_local.ssb ret:  0  
[2019/11/19 15:12:04 286] tts_local  1888 last gc at  1574147524  
[2019/11/19 15:12:04 286] tts_local  1746 TTS_LOCAL_MSG_TEXT  
[2019/11/19 15:12:04 286] tts_local  1753 base64 =  sru74b+0IMrHvLi6xbjEt8ezo7jfsuO0zrnYvPyyv7fWvfjSu7K9s/Owy7nW0ruzybK7seQgICAg  
[2019/11/19 15:12:04 286] tts_local  1888 last gc at  1574147524  
[2019/11/19 15:12:04 296] tts_local  954  TTS_LOCAL_CB_OUTPUT  nCode:  528  ,ced:  53  ,nSize:  300  ,data:  udata(305e090) 
[2019/11/19 15:12:04 296] tts_local  954  TTS_LOCAL_CB_OUTPUT  nCode:  528  ,ced:  53  ,nSize:  1786  ,data:  udata(305ddf0) 
[2019/11/19 15:12:04 299] tts_local  954  TTS_LOCAL_CB_OUTPUT  nCode:  528  ,ced:  53  ,nSize:  5802  ,data:  udata(305dee0) 
[2019/11/19 15:12:04 302] tts_local  954  TTS_LOCAL_CB_OUTPUT  nCode:  528  ,ced:  53  ,nSize:  15246  ,data:  udata(305e0c0) 
[2019/11/19 15:12:04 302] network    245  dns resp  0  ns1  
[2019/11/19 15:12:04 302] ns         422  ns dns ok  42.62.116.35  
[2019/11/19 15:12:04 302] ns         202  iplist not avail  
[2019/11/19 15:12:04 305] ns         429  is_voicecloud_ip=  0  
[2019/11/19 15:12:04 305] ns         436  ip_is_expected=  true  
[2019/11/19 15:12:04 305] ns         444  ip_is_expected=  true  
[2019/11/19 15:12:04 305] network    445  gethttpresp2  42.62.116.35  80  ns2  
[2019/11/19 15:12:04 305] network    465  prot_type  tcp  
[2019/11/19 15:12:04 312] tts_local  954  TTS_LOCAL_CB_OUTPUT  nCode:  528  ,ced:  53  ,nSize:  9406  ,data:  udata(305e150) 
[2019/11/19 15:12:04 313] transport  194  [dns] [1] response 42.62.116.18  
[2019/11/19 15:12:04 313] transport  202  42  62  116  18  
[2019/11/19 15:12:04 313] transport  204  ipv =  v4  
[2019/11/19 15:12:04 313] transport  208  dns ip is v4  
[2019/11/19 15:12:04 315] transport  130  iplist not avail  
[2019/11/19 15:12:04 315] transport  247  no iplist now  
[2019/11/19 15:12:04 315] network    95   iptoenv ,  ipcache  open.xf-yun.com  def  42.62.116.18  
[2019/11/19 15:12:04 316] transport  291  dns cb start conn  
[2019/11/19 15:12:04 316] transport  1304 [soc] connect   42.62.116.18  1028  
[2019/11/19 15:12:04 318] transport  1316 mspsoc.open,prot_type=  tcp  
[2019/11/19 15:12:04 342] tts_local  954  TTS_LOCAL_CB_OUTPUT  nCode:  528  ,ced:  53  ,nSize:  8350  ,data:  udata(bbeb2f8) 
[2019/11/19 15:12:04 344] tts_local  954  TTS_LOCAL_CB_OUTPUT  nCode:  528  ,ced:  53  ,nSize:  6194  ,data:  udata(bbeb478) 
[2019/11/19 15:12:04 345] tts_local  954  TTS_LOCAL_CB_OUTPUT  nCode:  528  ,ced:  53  ,nSize:  14588  ,data:  udata(bbeb448) 
[2019/11/19 15:12:04 345] tts_local  954  TTS_LOCAL_CB_OUTPUT  nCode:  528  ,ced:  53  ,nSize:  8926  ,data:  udata(bbeb028) 
[2019/11/19 15:12:04 345] tts_local  954  TTS_LOCAL_CB_OUTPUT  nCode:  528  ,ced:  53  ,nSize:  7388  ,data:  udata(bbeb538) 
[2019/11/19 15:12:04 346] tts_local  954  TTS_LOCAL_CB_OUTPUT  nCode:  528  ,ced:  53  ,nSize:  7252  ,data:  udata(bbeaf68) 
[2019/11/19 15:12:04 348] tts_local  954  TTS_LOCAL_CB_OUTPUT  nCode:  528  ,ced:  53  ,nSize:  8868  ,data:  udata(bbeb4d8) 
[2019/11/19 15:12:04 348] tts_local  954  TTS_LOCAL_CB_OUTPUT  nCode:  528  ,ced:  53  ,nSize:  8370  ,data:  udata(bbeb1a8) 
[2019/11/19 15:12:04 348] tts_local  954  TTS_LOCAL_CB_OUTPUT  nCode:  528  ,ced:  53  ,nSize:  7234  ,data:  udata(bbeafc8) 
[2019/11/19 15:12:04 349] tts_local  954  TTS_LOCAL_CB_OUTPUT  nCode:  528  ,ced:  53  ,nSize:  6640  ,data:  udata(bbeaff8) 
[2019/11/19 15:12:04 351] tts_local  954  TTS_LOCAL_CB_OUTPUT  nCode:  528  ,ced:  53  ,nSize:  7700  ,data:  udata(bbeb4a8) 
[2019/11/19 15:12:04 351] tts_local  954  TTS_LOCAL_CB_OUTPUT  nCode:  528  ,ced:  53  ,nSize:  13074  ,data:  udata(bbeb088) 
[2019/11/19 15:12:04 351] tts_local  954  TTS_LOCAL_CB_OUTPUT  nCode:  528  ,ced:  53  ,nSize:  7966  ,data:  udata(bbeb0b8) 
[2019/11/19 15:12:04 351] tts_local  954  TTS_LOCAL_CB_OUTPUT  nCode:  528  ,ced:  53  ,nSize:  7116  ,data:  udata(bbeb178) 
[2019/11/19 15:12:04 352] tts_local  954  TTS_LOCAL_CB_OUTPUT  nCode:  528  ,ced:  53  ,nSize:  12654  ,data:  udata(bbeb358) 
[2019/11/19 15:12:04 354] tts_local  954  TTS_LOCAL_CB_OUTPUT  nCode:  528  ,ced:  53  ,nSize:  4892  ,data:  udata(bbeb508) 
[2019/11/19 15:12:04 354] tts_local  954  TTS_LOCAL_CB_OUTPUT  nCode:  528  ,ced:  53  ,nSize:  4900  ,data:  udata(bbeb0e8) 
[2019/11/19 15:12:04 355] tts_local  954  TTS_LOCAL_CB_OUTPUT  nCode:  528  ,ced:  53  ,nSize:  7620  ,data:  udata(bbeb1d8) 
[2019/11/19 15:12:04 355] tts_local  954  TTS_LOCAL_CB_OUTPUT  nCode:  528  ,ced:  53  ,nSize:  8382  ,data:  udata(bbeb238) 
[2019/11/19 15:12:04 355] tts_local  954  TTS_LOCAL_CB_OUTPUT  nCode:  528  ,ced:  53  ,nSize:  5858  ,data:  udata(bbeaf98) 
[2019/11/19 15:12:04 357] tts_local  954  TTS_LOCAL_CB_OUTPUT  nCode:  528  ,ced:  53  ,nSize:  11536  ,data:  udata(bbeb208) 
[2019/11/19 15:12:04 358] tts_local  941  TTS_LOCAL_CB_END  0  nil  
[2019/11/19 15:12:04 375] network    350  connected  ns2  
[2019/11/19 15:12:04 375] tts_local  1795 TTS_LOCAL_MSG_END  0  
[2019/11/19 15:12:04 375] tts_local  1199 plog_process  {"u_lrs":125,"hints":"Normal","ret":0,"u_frs":63,"stime":"2019/11/19 15:12:04 239","csid":"ctts1P1HHBHj7gyduPf9baaH8kwmoWj6P6G","dur":125,"u_txt":0}  nil  
[2019/11/19 15:12:04 378] tts_local  1888 last gc at  1574147524  
[2019/11/19 15:12:04 378] network    353  send ok  268  ns2  
[2019/11/19 15:12:04 385] tts_local  1853 SYS_MSG_SHUTDOWN_LOCAL  
[2019/11/19 15:12:04 387] tts_local  1888 last gc at  1574147524  
